Build started 7/7/2015 5:03:12 PM.
     1>Project "C:\Users\T_hics\Documents\Aardvark\Aardvark-WPILib\wpilibc\Project3\Project3.vcxproj" on node 3 (Build target(s)).
     1>ClCompile:
         C:\Program Files (x86)\Microsoft Visual Studio 11.0\VC\bin\CL.exe /c /ZI /nologo /W3 /WX- /sdl /Od /Oy- /D _MBCS /Gm /EHsc /RTC1 /MDd /GS /fp:precise /Zc:wchar_t /Zc:forScope /Fo"Debug\\" /Fd"Debug\vc110.pdb" /Gd /TP /analyze- /errorReport:prompt ..\..\gazeboCode\allwpilib\wpilibc\wpilibC++Devices\src\ADXL345_I2C.cpp ..\..\gazeboCode\allwpilib\wpilibc\wpilibC++Devices\src\ADXL345_SPI.cpp ..\..\gazeboCode\allwpilib\wpilibc\wpilibC++Devices\src\AnalogAccelerometer.cpp ..\..\gazeboCode\allwpilib\wpilibc\wpilibC++Devices\src\AnalogInput.cpp ..\..\gazeboCode\allwpilib\wpilibc\wpilibC++Devices\src\AnalogOutput.cpp ..\..\gazeboCode\allwpilib\wpilibc\wpilibC++Devices\src\AnalogPotentiometer.cpp ..\..\gazeboCode\allwpilib\wpilibc\wpilibC++Devices\src\AnalogTrigger.cpp ..\..\gazeboCode\allwpilib\wpilibc\wpilibC++Devices\src\AnalogTriggerOutput.cpp ..\..\gazeboCode\allwpilib\wpilibc\wpilibC++Devices\src\BuiltInAccelerometer.cpp ..\..\gazeboCode\allwpilib\wpilibc\wpilibC++Devices\src\CameraServer.cpp ..\..\gazeboCode\allwpilib\wpilibc\wpilibC++Devices\src\CANJaguar.cpp ..\..\gazeboCode\allwpilib\wpilibc\wpilibC++Devices\src\CANTalon.cpp ..\..\gazeboCode\allwpilib\wpilibc\wpilibC++Devices\src\Compressor.cpp ..\..\gazeboCode\allwpilib\wpilibc\wpilibC++Devices\src\ControllerPower.cpp ..\..\gazeboCode\allwpilib\wpilibc\wpilibC++Devices\src\Counter.cpp ..\..\gazeboCode\allwpilib\wpilibc\wpilibC++Devices\src\DigitalInput.cpp ..\..\gazeboCode\allwpilib\wpilibc\wpilibC++Devices\src\DigitalOutput.cpp ..\..\gazeboCode\allwpilib\wpilibc\wpilibC++Devices\src\DigitalSource.cpp ..\..\gazeboCode\allwpilib\wpilibc\wpilibC++Devices\src\DoubleSolenoid.cpp ..\..\gazeboCode\allwpilib\wpilibc\wpilibC++Devices\src\DriverStation.cpp ..\..\gazeboCode\allwpilib\wpilibc\wpilibC++Devices\src\Encoder.cpp ..\..\gazeboCode\allwpilib\wpilibc\wpilibC++Devices\src\GearTooth.cpp ..\..\gazeboCode\allwpilib\wpilibc\wpilibC++Devices\src\Gyro.cpp ..\..\gazeboCode\allwpilib\wpilibc\wpilibC++Devices\src\I2C.cpp ..\..\gazeboCode\allwpilib\wpilibc\wpilibC++Devices\src\Internal\HardwareHLReporting.cpp ..\..\gazeboCode\allwpilib\wpilibc\wpilibC++Devices\src\InterruptableSensorBase.cpp ..\..\gazeboCode\allwpilib\wpilibc\wpilibC++Devices\src\IterativeRobot.cpp ..\..\gazeboCode\allwpilib\wpilibc\wpilibC++Devices\src\Jaguar.cpp ..\..\gazeboCode\allwpilib\wpilibc\wpilibC++Devices\src\Joystick.cpp ..\..\gazeboCode\allwpilib\wpilibc\wpilibC++Devices\src\MotorSafetyHelper.cpp ..\..\gazeboCode\allwpilib\wpilibc\wpilibC++Devices\src\Notifier.cpp ..\..\gazeboCode\allwpilib\wpilibc\wpilibC++Devices\src\PIDController.cpp ..\..\gazeboCode\allwpilib\wpilibc\wpilibC++Devices\src\PowerDistributionPanel.cpp ..\..\gazeboCode\allwpilib\wpilibc\wpilibC++Devices\src\Preferences.cpp ..\..\gazeboCode\allwpilib\wpilibc\wpilibC++Devices\src\PWM.cpp ..\..\gazeboCode\allwpilib\wpilibc\wpilibC++Devices\src\Relay.cpp ..\..\gazeboCode\allwpilib\wpilibc\wpilibC++Devices\src\RobotBase.cpp ..\..\gazeboCode\allwpilib\wpilibc\wpilibC++Devices\src\RobotDrive.cpp ..\..\gazeboCode\allwpilib\wpilibc\wpilibC++Devices\src\SafePWM.cpp ..\..\gazeboCode\allwpilib\wpilibc\wpilibC++Devices\src\SampleRobot.cpp ..\..\gazeboCode\allwpilib\wpilibc\wpilibC++Devices\src\SensorBase.cpp ..\..\gazeboCode\allwpilib\wpilibc\wpilibC++Devices\src\SerialPort.cpp ..\..\gazeboCode\allwpilib\wpilibc\wpilibC++Devices\src\Servo.cpp ..\..\gazeboCode\allwpilib\wpilibc\wpilibC++Devices\src\Solenoid.cpp ..\..\gazeboCode\allwpilib\wpilibc\wpilibC++Devices\src\SolenoidBase.cpp ..\..\gazeboCode\allwpilib\wpilibc\wpilibC++Devices\src\SPI.cpp ..\..\gazeboCode\allwpilib\wpilibc\wpilibC++Devices\src\Talon.cpp ..\..\gazeboCode\allwpilib\wpilibc\wpilibC++Devices\src\TalonSRX.cpp ..\..\gazeboCode\allwpilib\wpilibc\wpilibC++Devices\src\Task.cpp ..\..\gazeboCode\allwpilib\wpilibc\wpilibC++Devices\src\Timer.cpp ..\..\gazeboCode\allwpilib\wpilibc\wpilibC++Devices\src\Ultrasonic.cpp ..\..\gazeboCode\allwpilib\wpilibc\wpilibC++Devices\src\USBCamera.cpp ..\..\gazeboCode\allwpilib\wpilibc\wpilibC++Devices\src\Utility.cpp ..\..\gazeboCode\allwpilib\wpilibc\wpilibC++Devices\src\Victor.cpp ..\..\gazeboCode\allwpilib\wpilibc\wpilibC++Devices\src\VictorSP.cpp ..\..\gazeboCode\allwpilib\wpilibc\wpilibC++Devices\src\Vision\AxisCamera.cpp ..\..\gazeboCode\allwpilib\wpilibc\wpilibC++Devices\src\Vision\BaeUtilities.cpp ..\..\gazeboCode\allwpilib\wpilibc\wpilibC++Devices\src\Vision\BinaryImage.cpp ..\..\gazeboCode\allwpilib\wpilibc\wpilibC++Devices\src\Vision\ColorImage.cpp ..\..\gazeboCode\allwpilib\wpilibc\wpilibC++Devices\src\Vision\FrcError.cpp ..\..\gazeboCode\allwpilib\wpilibc\wpilibC++Devices\src\Vision\HSLImage.cpp ..\..\gazeboCode\allwpilib\wpilibc\wpilibC++Devices\src\Vision\ImageBase.cpp ..\..\gazeboCode\allwpilib\wpilibc\wpilibC++Devices\src\Vision\MonoImage.cpp ..\..\gazeboCode\allwpilib\wpilibc\wpilibC++Devices\src\Vision\RGBImage.cpp ..\..\gazeboCode\allwpilib\wpilibc\wpilibC++Devices\src\Vision\Threshold.cpp ..\..\gazeboCode\allwpilib\wpilibc\wpilibC++Devices\src\Vision\VisionAPI.cpp
         VisionAPI.cpp
     1>c:\users\t_hics\documents\aardvark\aardvark-wpilib\gazebocode\allwpilib\wpilibc\wpilibc++devices\src\vision\visionapi.cpp(10): fatal error C1083: Cannot open include file: 'Vision/BaeUtilities.h': No such file or directory
         Threshold.cpp
     1>c:\users\t_hics\documents\aardvark\aardvark-wpilib\gazebocode\allwpilib\wpilibc\wpilibc++devices\src\vision\threshold.cpp(7): fatal error C1083: Cannot open include file: 'Vision/Threshold.h': No such file or directory
         RGBImage.cpp
     1>c:\users\t_hics\documents\aardvark\aardvark-wpilib\gazebocode\allwpilib\wpilibc\wpilibc++devices\src\vision\rgbimage.cpp(7): fatal error C1083: Cannot open include file: 'Vision/RGBImage.h': No such file or directory
         MonoImage.cpp
     1>c:\users\t_hics\documents\aardvark\aardvark-wpilib\gazebocode\allwpilib\wpilibc\wpilibc++devices\src\vision\monoimage.cpp(7): fatal error C1083: Cannot open include file: 'Vision/MonoImage.h': No such file or directory
         ImageBase.cpp
     1>c:\users\t_hics\documents\aardvark\aardvark-wpilib\gazebocode\allwpilib\wpilibc\wpilibc++devices\src\vision\imagebase.cpp(7): fatal error C1083: Cannot open include file: 'Vision/ImageBase.h': No such file or directory
         HSLImage.cpp
     1>c:\users\t_hics\documents\aardvark\aardvark-wpilib\gazebocode\allwpilib\wpilibc\wpilibc++devices\src\vision\hslimage.cpp(7): fatal error C1083: Cannot open include file: 'Vision/HSLImage.h': No such file or directory
         FrcError.cpp
     1>c:\users\t_hics\documents\aardvark\aardvark-wpilib\gazebocode\allwpilib\wpilibc\wpilibc++devices\src\vision\frcerror.cpp(7): fatal error C1083: Cannot open include file: 'nivision.h': No such file or directory
         ColorImage.cpp
     1>c:\users\t_hics\documents\aardvark\aardvark-wpilib\gazebocode\allwpilib\wpilibc\wpilibc++devices\src\vision\colorimage.cpp(7): fatal error C1083: Cannot open include file: 'Vision/ColorImage.h': No such file or directory
         BinaryImage.cpp
     1>c:\users\t_hics\documents\aardvark\aardvark-wpilib\gazebocode\allwpilib\wpilibc\wpilibc++devices\src\vision\binaryimage.cpp(7): fatal error C1083: Cannot open include file: 'Vision/BinaryImage.h': No such file or directory
         BaeUtilities.cpp
     1>c:\users\t_hics\documents\aardvark\aardvark-wpilib\gazebocode\allwpilib\wpilibc\wpilibc++devices\src\vision\baeutilities.cpp(9): fatal error C1083: Cannot open include file: 'unistd.h': No such file or directory
         AxisCamera.cpp
     1>c:\users\t_hics\documents\aardvark\aardvark-wpilib\gazebocode\allwpilib\wpilibc\wpilibc++devices\src\vision\axiscamera.cpp(7): fatal error C1083: Cannot open include file: 'Vision/AxisCamera.h': No such file or directory
         VictorSP.cpp
     1>c:\users\t_hics\documents\aardvark\aardvark-wpilib\gazebocode\allwpilib\wpilibc\wpilibc++devices\src\victorsp.cpp(7): fatal error C1083: Cannot open include file: 'VictorSP.h': No such file or directory
         Victor.cpp
     1>c:\users\t_hics\documents\aardvark\aardvark-wpilib\gazebocode\allwpilib\wpilibc\wpilibc++devices\src\victor.cpp(7): fatal error C1083: Cannot open include file: 'Victor.h': No such file or directory
         Utility.cpp
     1>c:\users\t_hics\documents\aardvark\aardvark-wpilib\gazebocode\allwpilib\wpilibc\wpilibc++devices\src\utility.cpp(7): fatal error C1083: Cannot open include file: 'Utility.h': No such file or directory
         USBCamera.cpp
     1>c:\users\t_hics\documents\aardvark\aardvark-wpilib\gazebocode\allwpilib\wpilibc\wpilibc++devices\src\usbcamera.cpp(1): fatal error C1083: Cannot open include file: 'USBCamera.h': No such file or directory
         Ultrasonic.cpp
     1>c:\users\t_hics\documents\aardvark\aardvark-wpilib\gazebocode\allwpilib\wpilibc\wpilibc++devices\src\ultrasonic.cpp(7): fatal error C1083: Cannot open include file: 'Ultrasonic.h': No such file or directory
         Timer.cpp
     1>c:\users\t_hics\documents\aardvark\aardvark-wpilib\gazebocode\allwpilib\wpilibc\wpilibc++devices\src\timer.cpp(7): fatal error C1083: Cannot open include file: 'Timer.h': No such file or directory
         Task.cpp
     1>c:\users\t_hics\documents\aardvark\aardvark-wpilib\gazebocode\allwpilib\wpilibc\wpilibc++devices\src\task.cpp(7): fatal error C1083: Cannot open include file: 'Task.h': No such file or directory
         TalonSRX.cpp
     1>c:\users\t_hics\documents\aardvark\aardvark-wpilib\gazebocode\allwpilib\wpilibc\wpilibc++devices\src\talonsrx.cpp(7): fatal error C1083: Cannot open include file: 'TalonSRX.h': No such file or directory
         Talon.cpp
     1>c:\users\t_hics\documents\aardvark\aardvark-wpilib\gazebocode\allwpilib\wpilibc\wpilibc++devices\src\talon.cpp(7): fatal error C1083: Cannot open include file: 'Talon.h': No such file or directory
         Generating Code...
         Compiling...
         SPI.cpp
     1>c:\users\t_hics\documents\aardvark\aardvark-wpilib\gazebocode\allwpilib\wpilibc\wpilibc++devices\src\spi.cpp(7): fatal error C1083: Cannot open include file: 'SPI.h': No such file or directory
         SolenoidBase.cpp
     1>c:\users\t_hics\documents\aardvark\aardvark-wpilib\gazebocode\allwpilib\wpilibc\wpilibc++devices\src\solenoidbase.cpp(7): fatal error C1083: Cannot open include file: 'SolenoidBase.h': No such file or directory
         Solenoid.cpp
     1>c:\users\t_hics\documents\aardvark\aardvark-wpilib\gazebocode\allwpilib\wpilibc\wpilibc++devices\src\solenoid.cpp(7): fatal error C1083: Cannot open include file: 'Solenoid.h': No such file or directory
         Servo.cpp
     1>c:\users\t_hics\documents\aardvark\aardvark-wpilib\gazebocode\allwpilib\wpilibc\wpilibc++devices\src\servo.cpp(7): fatal error C1083: Cannot open include file: 'Servo.h': No such file or directory
         SerialPort.cpp
     1>c:\users\t_hics\documents\aardvark\aardvark-wpilib\gazebocode\allwpilib\wpilibc\wpilibc++devices\src\serialport.cpp(7): fatal error C1083: Cannot open include file: 'SerialPort.h': No such file or directory
         SensorBase.cpp
     1>c:\users\t_hics\documents\aardvark\aardvark-wpilib\gazebocode\allwpilib\wpilibc\wpilibc++devices\src\sensorbase.cpp(7): fatal error C1083: Cannot open include file: 'SensorBase.h': No such file or directory
         SampleRobot.cpp
     1>c:\users\t_hics\documents\aardvark\aardvark-wpilib\gazebocode\allwpilib\wpilibc\wpilibc++devices\src\samplerobot.cpp(7): fatal error C1083: Cannot open include file: 'SampleRobot.h': No such file or directory
         SafePWM.cpp
     1>c:\users\t_hics\documents\aardvark\aardvark-wpilib\gazebocode\allwpilib\wpilibc\wpilibc++devices\src\safepwm.cpp(7): fatal error C1083: Cannot open include file: 'SafePWM.h': No such file or directory
         RobotDrive.cpp
     1>c:\users\t_hics\documents\aardvark\aardvark-wpilib\gazebocode\allwpilib\wpilibc\wpilibc++devices\src\robotdrive.cpp(7): fatal error C1083: Cannot open include file: 'RobotDrive.h': No such file or directory
         RobotBase.cpp
     1>c:\users\t_hics\documents\aardvark\aardvark-wpilib\gazebocode\allwpilib\wpilibc\wpilibc++devices\src\robotbase.cpp(7): fatal error C1083: Cannot open include file: 'RobotBase.h': No such file or directory
         Relay.cpp
     1>c:\users\t_hics\documents\aardvark\aardvark-wpilib\gazebocode\allwpilib\wpilibc\wpilibc++devices\src\relay.cpp(7): fatal error C1083: Cannot open include file: 'Relay.h': No such file or directory
         PWM.cpp
     1>c:\users\t_hics\documents\aardvark\aardvark-wpilib\gazebocode\allwpilib\wpilibc\wpilibc++devices\src\pwm.cpp(7): fatal error C1083: Cannot open include file: 'PWM.h': No such file or directory
         Preferences.cpp
     1>c:\users\t_hics\documents\aardvark\aardvark-wpilib\gazebocode\allwpilib\wpilibc\wpilibc++devices\src\preferences.cpp(7): fatal error C1083: Cannot open include file: 'Preferences.h': No such file or directory
         PowerDistributionPanel.cpp
     1>c:\users\t_hics\documents\aardvark\aardvark-wpilib\gazebocode\allwpilib\wpilibc\wpilibc++devices\src\powerdistributionpanel.cpp(7): fatal error C1083: Cannot open include file: 'PowerDistributionPanel.h': No such file or directory
         PIDController.cpp
     1>c:\users\t_hics\documents\aardvark\aardvark-wpilib\gazebocode\allwpilib\wpilibc\wpilibc++devices\src\pidcontroller.cpp(7): fatal error C1083: Cannot open include file: 'PIDController.h': No such file or directory
         Notifier.cpp
     1>c:\users\t_hics\documents\aardvark\aardvark-wpilib\gazebocode\allwpilib\wpilibc\wpilibc++devices\src\notifier.cpp(7): fatal error C1083: Cannot open include file: 'Notifier.h': No such file or directory
         MotorSafetyHelper.cpp
     1>c:\users\t_hics\documents\aardvark\aardvark-wpilib\gazebocode\allwpilib\wpilibc\wpilibc++devices\src\motorsafetyhelper.cpp(7): fatal error C1083: Cannot open include file: 'MotorSafetyHelper.h': No such file or directory
         Joystick.cpp
     1>c:\users\t_hics\documents\aardvark\aardvark-wpilib\gazebocode\allwpilib\wpilibc\wpilibc++devices\src\joystick.cpp(7): fatal error C1083: Cannot open include file: 'Joystick.h': No such file or directory
         Jaguar.cpp
     1>c:\users\t_hics\documents\aardvark\aardvark-wpilib\gazebocode\allwpilib\wpilibc\wpilibc++devices\src\jaguar.cpp(8): fatal error C1083: Cannot open include file: 'Jaguar.h': No such file or directory
         IterativeRobot.cpp
     1>c:\users\t_hics\documents\aardvark\aardvark-wpilib\gazebocode\allwpilib\wpilibc\wpilibc++devices\src\iterativerobot.cpp(7): fatal error C1083: Cannot open include file: 'IterativeRobot.h': No such file or directory
         Generating Code...
         Compiling...
         InterruptableSensorBase.cpp
     1>c:\users\t_hics\documents\aardvark\aardvark-wpilib\gazebocode\allwpilib\wpilibc\wpilibc++devices\src\interruptablesensorbase.cpp(7): fatal error C1083: Cannot open include file: 'InterruptableSensorBase.h': No such file or directory
         HardwareHLReporting.cpp
     1>c:\users\t_hics\documents\aardvark\aardvark-wpilib\gazebocode\allwpilib\wpilibc\wpilibc++devices\src\internal\hardwarehlreporting.cpp(2): fatal error C1083: Cannot open include file: 'Internal/HardwareHLReporting.h': No such file or directory
         I2C.cpp
     1>c:\users\t_hics\documents\aardvark\aardvark-wpilib\gazebocode\allwpilib\wpilibc\wpilibc++devices\src\i2c.cpp(7): fatal error C1083: Cannot open include file: 'I2C.h': No such file or directory
         Gyro.cpp
     1>c:\users\t_hics\documents\aardvark\aardvark-wpilib\gazebocode\allwpilib\wpilibc\wpilibc++devices\src\gyro.cpp(7): fatal error C1083: Cannot open include file: 'Gyro.h': No such file or directory
         GearTooth.cpp
     1>c:\users\t_hics\documents\aardvark\aardvark-wpilib\gazebocode\allwpilib\wpilibc\wpilibc++devices\src\geartooth.cpp(7): fatal error C1083: Cannot open include file: 'GearTooth.h': No such file or directory
         Encoder.cpp
     1>c:\users\t_hics\documents\aardvark\aardvark-wpilib\gazebocode\allwpilib\wpilibc\wpilibc++devices\src\encoder.cpp(7): fatal error C1083: Cannot open include file: 'Encoder.h': No such file or directory
         DriverStation.cpp
     1>c:\users\t_hics\documents\aardvark\aardvark-wpilib\gazebocode\allwpilib\wpilibc\wpilibc++devices\src\driverstation.cpp(7): fatal error C1083: Cannot open include file: 'DriverStation.h': No such file or directory
         DoubleSolenoid.cpp
     1>c:\users\t_hics\documents\aardvark\aardvark-wpilib\gazebocode\allwpilib\wpilibc\wpilibc++devices\src\doublesolenoid.cpp(7): fatal error C1083: Cannot open include file: 'DoubleSolenoid.h': No such file or directory
         DigitalSource.cpp
     1>c:\users\t_hics\documents\aardvark\aardvark-wpilib\gazebocode\allwpilib\wpilibc\wpilibc++devices\src\digitalsource.cpp(7): fatal error C1083: Cannot open include file: 'DigitalSource.h': No such file or directory
         DigitalOutput.cpp
     1>c:\users\t_hics\documents\aardvark\aardvark-wpilib\gazebocode\allwpilib\wpilibc\wpilibc++devices\src\digitaloutput.cpp(7): fatal error C1083: Cannot open include file: 'DigitalOutput.h': No such file or directory
         DigitalInput.cpp
     1>c:\users\t_hics\documents\aardvark\aardvark-wpilib\gazebocode\allwpilib\wpilibc\wpilibc++devices\src\digitalinput.cpp(7): fatal error C1083: Cannot open include file: 'DigitalInput.h': No such file or directory
         Counter.cpp
     1>c:\users\t_hics\documents\aardvark\aardvark-wpilib\gazebocode\allwpilib\wpilibc\wpilibc++devices\src\counter.cpp(7): fatal error C1083: Cannot open include file: 'Counter.h': No such file or directory
         ControllerPower.cpp
     1>c:\users\t_hics\documents\aardvark\aardvark-wpilib\gazebocode\allwpilib\wpilibc\wpilibc++devices\src\controllerpower.cpp(7): fatal error C1083: Cannot open include file: 'ControllerPower.h': No such file or directory
         Compressor.cpp
     1>c:\users\t_hics\documents\aardvark\aardvark-wpilib\gazebocode\allwpilib\wpilibc\wpilibc++devices\src\compressor.cpp(5): fatal error C1083: Cannot open include file: 'Compressor.h': No such file or directory
         CANTalon.cpp
     1>c:\users\t_hics\documents\aardvark\aardvark-wpilib\gazebocode\allwpilib\wpilibc\wpilibc++devices\src\cantalon.cpp(7): fatal error C1083: Cannot open include file: 'CANTalon.h': No such file or directory
         CANJaguar.cpp
     1>c:\users\t_hics\documents\aardvark\aardvark-wpilib\gazebocode\allwpilib\wpilibc\wpilibc++devices\src\canjaguar.cpp(7): fatal error C1083: Cannot open include file: 'CANJaguar.h': No such file or directory
         CameraServer.cpp
     1>c:\users\t_hics\documents\aardvark\aardvark-wpilib\gazebocode\allwpilib\wpilibc\wpilibc++devices\src\cameraserver.cpp(1): fatal error C1083: Cannot open include file: 'CameraServer.h': No such file or directory
         BuiltInAccelerometer.cpp
     1>c:\users\t_hics\documents\aardvark\aardvark-wpilib\gazebocode\allwpilib\wpilibc\wpilibc++devices\src\builtinaccelerometer.cpp(7): fatal error C1083: Cannot open include file: 'BuiltInAccelerometer.h': No such file or directory
         AnalogTriggerOutput.cpp
     1>c:\users\t_hics\documents\aardvark\aardvark-wpilib\gazebocode\allwpilib\wpilibc\wpilibc++devices\src\analogtriggeroutput.cpp(7): fatal error C1083: Cannot open include file: 'AnalogTriggerOutput.h': No such file or directory
         AnalogTrigger.cpp
     1>c:\users\t_hics\documents\aardvark\aardvark-wpilib\gazebocode\allwpilib\wpilibc\wpilibc++devices\src\analogtrigger.cpp(7): fatal error C1083: Cannot open include file: 'AnalogTrigger.h': No such file or directory
         Generating Code...
         Compiling...
         AnalogPotentiometer.cpp
     1>c:\users\t_hics\documents\aardvark\aardvark-wpilib\gazebocode\allwpilib\wpilibc\wpilibc++devices\src\analogpotentiometer.cpp(2): fatal error C1083: Cannot open include file: 'AnalogPotentiometer.h': No such file or directory
         AnalogOutput.cpp
     1>c:\users\t_hics\documents\aardvark\aardvark-wpilib\gazebocode\allwpilib\wpilibc\wpilibc++devices\src\analogoutput.cpp(8): fatal error C1083: Cannot open include file: 'AnalogOutput.h': No such file or directory
         AnalogInput.cpp
     1>c:\users\t_hics\documents\aardvark\aardvark-wpilib\gazebocode\allwpilib\wpilibc\wpilibc++devices\src\analoginput.cpp(7): fatal error C1083: Cannot open include file: 'AnalogInput.h': No such file or directory
         AnalogAccelerometer.cpp
     1>c:\users\t_hics\documents\aardvark\aardvark-wpilib\gazebocode\allwpilib\wpilibc\wpilibc++devices\src\analogaccelerometer.cpp(7): fatal error C1083: Cannot open include file: 'AnalogAccelerometer.h': No such file or directory
         ADXL345_SPI.cpp
     1>c:\users\t_hics\documents\aardvark\aardvark-wpilib\gazebocode\allwpilib\wpilibc\wpilibc++devices\src\adxl345_spi.cpp(7): fatal error C1083: Cannot open include file: 'ADXL345_SPI.h': No such file or directory
         ADXL345_I2C.cpp
     1>c:\users\t_hics\documents\aardvark\aardvark-wpilib\gazebocode\allwpilib\wpilibc\wpilibc++devices\src\adxl345_i2c.cpp(7): fatal error C1083: Cannot open include file: 'ADXL345_I2C.h': No such file or directory
         Generating Code...
     1>Done Building Project "C:\Users\T_hics\Documents\Aardvark\Aardvark-WPILib\wpilibc\Project3\Project3.vcxproj" (Build target(s)) -- FAILED.

Build FAILED.

Time Elapsed 00:00:04.84
