Build started 6/29/2015 8:39:33 AM.
     1>Project "C:\Users\T_hics\Documents\Aardvark\Aardvark-WPILib\networktables\cpp\NetworkTables.vcxproj" on node 3 (Build target(s)).
     1>ClCompile:
         C:\Program Files (x86)\Microsoft Visual Studio 11.0\VC\bin\x86_amd64\CL.exe /c /IC:\Users\T_hics\Documents\GitHub\allwpilib\networktables\cpp\include /Zi /nologo /W3 /WX- /Od /Ob0 /D WIN32 /D _WINDOWS /D _DEBUG /D "CMAKE_INTDIR=\"Debug\"" /D _MBCS /Gm- /EHsc /RTC1 /MDd /GS /fp:precise /Zc:wchar_t /Zc:forScope /GR /Fo"NetworkTables.dir\Debug\\" /Fd"NetworkTables.dir\Debug\vc110.pdb" /Gd /TP /errorReport:prompt  -fPIC C:\Users\T_hics\Documents\GitHub\allwpilib\networktables\cpp\lib\share\networktables\NetworkTable.cpp C:\Users\T_hics\Documents\GitHub\allwpilib\networktables\cpp\lib\share\networktables\NetworkTableKeyListenerAdapter.cpp C:\Users\T_hics\Documents\GitHub\allwpilib\networktables\cpp\lib\share\networktables\NetworkTableListenerAdapter.cpp C:\Users\T_hics\Documents\GitHub\allwpilib\networktables\cpp\lib\share\networktables\NetworkTableMode.cpp C:\Users\T_hics\Documents\GitHub\allwpilib\networktables\cpp\lib\share\networktables\NetworkTableProvider.cpp C:\Users\T_hics\Documents\GitHub\allwpilib\networktables\cpp\lib\share\networktables\NetworkTableSubListenerAdapter.cpp C:\Users\T_hics\Documents\GitHub\allwpilib\networktables\cpp\lib\share\networktables2\AbstractNetworkTableEntryStore.cpp C:\Users\T_hics\Documents\GitHub\allwpilib\networktables\cpp\lib\share\networktables2\client\ClientConnectionAdapter.cpp C:\Users\T_hics\Documents\GitHub\allwpilib\networktables\cpp\lib\share\networktables2\client\ClientConnectionState.cpp C:\Users\T_hics\Documents\GitHub\allwpilib\networktables\cpp\lib\share\networktables2\client\ClientNetworkTableEntryStore.cpp C:\Users\T_hics\Documents\GitHub\allwpilib\networktables\cpp\lib\share\networktables2\client\NetworkTableClient.cpp C:\Users\T_hics\Documents\GitHub\allwpilib\networktables\cpp\lib\share\networktables2\connection\ConnectionMonitorThread.cpp C:\Users\T_hics\Documents\GitHub\allwpilib\networktables\cpp\lib\share\networktables2\connection\NetworkTableConnection.cpp C:\Users\T_hics\Documents\GitHub\allwpilib\networktables\cpp\lib\share\networktables2\NetworkTableEntry.cpp C:\Users\T_hics\Documents\GitHub\allwpilib\networktables\cpp\lib\share\networktables2\NetworkTableNode.cpp C:\Users\T_hics\Documents\GitHub\allwpilib\networktables\cpp\lib\share\networktables2\OutgoingEntryReciever.cpp C:\Users\T_hics\Documents\GitHub\allwpilib\networktables\cpp\lib\share\networktables2\server\NetworkTableServer.cpp C:\Users\T_hics\Documents\GitHub\allwpilib\networktables\cpp\lib\share\networktables2\server\ServerConnectionAdapter.cpp C:\Users\T_hics\Documents\GitHub\allwpilib\networktables\cpp\lib\share\networktables2\server\ServerConnectionList.cpp C:\Users\T_hics\Documents\GitHub\allwpilib\networktables\cpp\lib\share\networktables2\server\ServerIncomingStreamMonitor.cpp C:\Users\T_hics\Documents\GitHub\allwpilib\networktables\cpp\lib\share\networktables2\server\ServerNetworkTableEntryStore.cpp C:\Users\T_hics\Documents\GitHub\allwpilib\networktables\cpp\lib\share\networktables2\TableKeyExistsWithDifferentTypeException.cpp C:\Users\T_hics\Documents\GitHub\allwpilib\networktables\cpp\lib\share\networktables2\TransactionDirtier.cpp C:\Users\T_hics\Documents\GitHub\allwpilib\networktables\cpp\lib\share\networktables2\type\ArrayData.cpp C:\Users\T_hics\Documents\GitHub\allwpilib\networktables\cpp\lib\share\networktables2\type\ArrayEntryType.cpp C:\Users\T_hics\Documents\GitHub\allwpilib\networktables\cpp\lib\share\networktables2\type\BooleanArray.cpp C:\Users\T_hics\Documents\GitHub\allwpilib\networktables\cpp\lib\share\networktables2\type\ComplexEntryType.cpp C:\Users\T_hics\Documents\GitHub\allwpilib\networktables\cpp\lib\share\networktables2\type\DefaultEntryTypes.cpp C:\Users\T_hics\Documents\GitHub\allwpilib\networktables\cpp\lib\share\networktables2\type\NetworkTableEntryType.cpp C:\Users\T_hics\Documents\GitHub\allwpilib\networktables\cpp\lib\share\networktables2\type\NetworkTableEntryTypeManager.cpp C:\Users\T_hics\Documents\GitHub\allwpilib\networktables\cpp\lib\share\networktables2\type\NumberArray.cpp C:\Users\T_hics\Documents\GitHub\allwpilib\networktables\cpp\lib\share\networktables2\type\StringArray.cpp C:\Users\T_hics\Documents\GitHub\allwpilib\networktables\cpp\lib\share\networktables2\WriteManager.cpp C:\Users\T_hics\Documents\GitHub\allwpilib\networktables\cpp\lib\Athena\networktables2\stream\FDIOStream.cpp C:\Users\T_hics\Documents\GitHub\allwpilib\networktables\cpp\lib\Athena\networktables2\stream\SocketServerStreamProvider.cpp C:\Users\T_hics\Documents\GitHub\allwpilib\networktables\cpp\lib\Athena\networktables2\stream\SocketStreamFactory.cpp C:\Users\T_hics\Documents\GitHub\allwpilib\networktables\cpp\lib\Athena\networktables2\thread\DefaultThreadManager.cpp C:\Users\T_hics\Documents\GitHub\allwpilib\networktables\cpp\lib\Athena\OSAL\Synchronized.cpp C:\Users\T_hics\Documents\GitHub\allwpilib\networktables\cpp\lib\Athena\OSAL\System.cpp
     1>cl : Command line warning D9002: ignoring unknown option '-fPIC'
         NetworkTable.cpp
     1>C:\Users\T_hics\Documents\GitHub\allwpilib\networktables\cpp\include\OSAL/Synchronized.h(18): fatal error C1083: Cannot open include file: 'semLib.h': No such file or directory
         NetworkTableKeyListenerAdapter.cpp
     1>C:\Users\T_hics\Documents\GitHub\allwpilib\networktables\cpp\include\OSAL/Synchronized.h(18): fatal error C1083: Cannot open include file: 'semLib.h': No such file or directory
         NetworkTableListenerAdapter.cpp
     1>C:\Users\T_hics\Documents\GitHub\allwpilib\networktables\cpp\include\OSAL/Synchronized.h(18): fatal error C1083: Cannot open include file: 'semLib.h': No such file or directory
         NetworkTableMode.cpp
     1>C:\Users\T_hics\Documents\GitHub\allwpilib\networktables\cpp\include\OSAL/Synchronized.h(18): fatal error C1083: Cannot open include file: 'semLib.h': No such file or directory
         NetworkTableProvider.cpp
     1>C:\Users\T_hics\Documents\GitHub\allwpilib\networktables\cpp\include\OSAL/Synchronized.h(18): fatal error C1083: Cannot open include file: 'semLib.h': No such file or directory
         NetworkTableSubListenerAdapter.cpp
     1>C:\Users\T_hics\Documents\GitHub\allwpilib\networktables\cpp\include\OSAL/Synchronized.h(18): fatal error C1083: Cannot open include file: 'semLib.h': No such file or directory
         AbstractNetworkTableEntryStore.cpp
     1>C:\Users\T_hics\Documents\GitHub\allwpilib\networktables\cpp\include\OSAL/Synchronized.h(18): fatal error C1083: Cannot open include file: 'semLib.h': No such file or directory
         ClientConnectionAdapter.cpp
     1>C:\Users\T_hics\Documents\GitHub\allwpilib\networktables\cpp\include\OSAL/Synchronized.h(18): fatal error C1083: Cannot open include file: 'semLib.h': No such file or directory
         ClientConnectionState.cpp
     1>C:\Users\T_hics\Documents\GitHub\allwpilib\networktables\cpp\include\OSAL/Synchronized.h(18): fatal error C1083: Cannot open include file: 'semLib.h': No such file or directory
         ClientNetworkTableEntryStore.cpp
     1>C:\Users\T_hics\Documents\GitHub\allwpilib\networktables\cpp\include\OSAL/Synchronized.h(18): fatal error C1083: Cannot open include file: 'semLib.h': No such file or directory
         NetworkTableClient.cpp
     1>C:\Users\T_hics\Documents\GitHub\allwpilib\networktables\cpp\include\OSAL/Synchronized.h(18): fatal error C1083: Cannot open include file: 'semLib.h': No such file or directory
         ConnectionMonitorThread.cpp
     1>C:\Users\T_hics\Documents\GitHub\allwpilib\networktables\cpp\include\OSAL/Synchronized.h(18): fatal error C1083: Cannot open include file: 'semLib.h': No such file or directory
         NetworkTableConnection.cpp
     1>C:\Users\T_hics\Documents\GitHub\allwpilib\networktables\cpp\include\OSAL/Synchronized.h(18): fatal error C1083: Cannot open include file: 'semLib.h': No such file or directory
         NetworkTableEntry.cpp
     1>C:\Users\T_hics\Documents\GitHub\allwpilib\networktables\cpp\include\OSAL/Synchronized.h(18): fatal error C1083: Cannot open include file: 'semLib.h': No such file or directory
         NetworkTableNode.cpp
     1>C:\Users\T_hics\Documents\GitHub\allwpilib\networktables\cpp\include\OSAL/Synchronized.h(18): fatal error C1083: Cannot open include file: 'semLib.h': No such file or directory
         OutgoingEntryReciever.cpp
     1>C:\Users\T_hics\Documents\GitHub\allwpilib\networktables\cpp\include\OSAL/Synchronized.h(18): fatal error C1083: Cannot open include file: 'semLib.h': No such file or directory
         NetworkTableServer.cpp
     1>C:\Users\T_hics\Documents\GitHub\allwpilib\networktables\cpp\include\OSAL/Synchronized.h(18): fatal error C1083: Cannot open include file: 'semLib.h': No such file or directory
         ServerConnectionAdapter.cpp
     1>C:\Users\T_hics\Documents\GitHub\allwpilib\networktables\cpp\include\OSAL/Synchronized.h(18): fatal error C1083: Cannot open include file: 'semLib.h': No such file or directory
         ServerConnectionList.cpp
     1>C:\Users\T_hics\Documents\GitHub\allwpilib\networktables\cpp\include\OSAL/Synchronized.h(18): fatal error C1083: Cannot open include file: 'semLib.h': No such file or directory
         ServerIncomingStreamMonitor.cpp
     1>C:\Users\T_hics\Documents\GitHub\allwpilib\networktables\cpp\include\OSAL/Synchronized.h(18): fatal error C1083: Cannot open include file: 'semLib.h': No such file or directory
         Generating Code...
         Compiling...
         ServerNetworkTableEntryStore.cpp
     1>C:\Users\T_hics\Documents\GitHub\allwpilib\networktables\cpp\include\OSAL/Synchronized.h(18): fatal error C1083: Cannot open include file: 'semLib.h': No such file or directory
         TableKeyExistsWithDifferentTypeException.cpp
     1>C:\Users\T_hics\Documents\GitHub\allwpilib\networktables\cpp\include\OSAL/Synchronized.h(18): fatal error C1083: Cannot open include file: 'semLib.h': No such file or directory
         TransactionDirtier.cpp
     1>C:\Users\T_hics\Documents\GitHub\allwpilib\networktables\cpp\include\OSAL/Synchronized.h(18): fatal error C1083: Cannot open include file: 'semLib.h': No such file or directory
         ArrayData.cpp
     1>C:\Users\T_hics\Documents\GitHub\allwpilib\networktables\cpp\include\OSAL/Synchronized.h(18): fatal error C1083: Cannot open include file: 'semLib.h': No such file or directory
         ArrayEntryType.cpp
     1>C:\Users\T_hics\Documents\GitHub\allwpilib\networktables\cpp\include\OSAL/Synchronized.h(18): fatal error C1083: Cannot open include file: 'semLib.h': No such file or directory
         BooleanArray.cpp
     1>C:\Users\T_hics\Documents\GitHub\allwpilib\networktables\cpp\include\OSAL/Synchronized.h(18): fatal error C1083: Cannot open include file: 'semLib.h': No such file or directory
         ComplexEntryType.cpp
     1>C:\Users\T_hics\Documents\GitHub\allwpilib\networktables\cpp\include\OSAL/Synchronized.h(18): fatal error C1083: Cannot open include file: 'semLib.h': No such file or directory
         DefaultEntryTypes.cpp
     1>C:\Users\T_hics\Documents\GitHub\allwpilib\networktables\cpp\include\OSAL/Synchronized.h(18): fatal error C1083: Cannot open include file: 'semLib.h': No such file or directory
         NetworkTableEntryType.cpp
     1>C:\Users\T_hics\Documents\GitHub\allwpilib\networktables\cpp\include\OSAL/Synchronized.h(18): fatal error C1083: Cannot open include file: 'semLib.h': No such file or directory
         NetworkTableEntryTypeManager.cpp
     1>C:\Users\T_hics\Documents\GitHub\allwpilib\networktables\cpp\include\OSAL/Synchronized.h(18): fatal error C1083: Cannot open include file: 'semLib.h': No such file or directory
         NumberArray.cpp
     1>C:\Users\T_hics\Documents\GitHub\allwpilib\networktables\cpp\include\OSAL/Synchronized.h(18): fatal error C1083: Cannot open include file: 'semLib.h': No such file or directory
         StringArray.cpp
     1>C:\Users\T_hics\Documents\GitHub\allwpilib\networktables\cpp\include\OSAL/Synchronized.h(18): fatal error C1083: Cannot open include file: 'semLib.h': No such file or directory
         WriteManager.cpp
     1>C:\Users\T_hics\Documents\GitHub\allwpilib\networktables\cpp\include\OSAL/Synchronized.h(18): fatal error C1083: Cannot open include file: 'semLib.h': No such file or directory
         FDIOStream.cpp
     1>C:\Users\T_hics\Documents\GitHub\allwpilib\networktables\cpp\lib\Athena\networktables2\stream\FDIOStream.cpp(17): fatal error C1083: Cannot open include file: 'unistd.h': No such file or directory
         SocketServerStreamProvider.cpp
     1>C:\Users\T_hics\Documents\GitHub\allwpilib\networktables\cpp\lib\Athena\networktables2\stream\SocketServerStreamProvider.cpp(12): fatal error C1083: Cannot open include file: 'strings.h': No such file or directory
         SocketStreamFactory.cpp
     1>C:\Users\T_hics\Documents\GitHub\allwpilib\networktables\cpp\lib\Athena\networktables2\stream\SocketStreamFactory.cpp(15): fatal error C1083: Cannot open include file: 'unistd.h': No such file or directory
         DefaultThreadManager.cpp
     1>C:\Users\T_hics\Documents\GitHub\allwpilib\networktables\cpp\include\NTErrorBase.h(11): fatal error C1083: Cannot open include file: 'semLib.h': No such file or directory
         Synchronized.cpp
     1>C:\Users\T_hics\Documents\GitHub\allwpilib\networktables\cpp\include\OSAL/Synchronized.h(18): fatal error C1083: Cannot open include file: 'semLib.h': No such file or directory
         System.cpp
     1>C:\Users\T_hics\Documents\GitHub\allwpilib\networktables\cpp\lib\Athena\OSAL\System.cpp(9): fatal error C1083: Cannot open include file: 'sys/time.h': No such file or directory
         Generating Code...
     1>Done Building Project "C:\Users\T_hics\Documents\Aardvark\Aardvark-WPILib\networktables\cpp\NetworkTables.vcxproj" (Build target(s)) -- FAILED.

Build FAILED.

Time Elapsed 00:00:25.93
