Build started 6/29/2015 8:21:47 AM.
     1>Project "C:\Users\T_hics\Documents\GitHub\allwpilib\build\wpilibc\wpilibC++Devices\wpilib_nonshared.vcxproj" on node 5 (Build target(s)).
     1>ClCompile:
         C:\Program Files (x86)\Microsoft Visual Studio 11.0\VC\bin\x86_amd64\CL.exe /c /IC:\Users\T_hics\Documents\GitHub\allwpilib\wpilibc\wpilibC++Devices\include /IC:\Users\T_hics\Documents\GitHub\allwpilib\wpilibc\wpilibC++\include /IC:\Users\T_hics\Documents\GitHub\allwpilib\hal\include /IC:\Users\T_hics\Documents\GitHub\allwpilib\networktables\cpp\include /Zi /nologo /W3 /WX- /Od /Ob0 /D WIN32 /D _WINDOWS /D _DEBUG /D "CMAKE_INTDIR=\"Debug\"" /D _MBCS /Gm- /EHsc /RTC1 /MDd /GS /fp:precise /Zc:wchar_t /Zc:forScope /GR /Fo"wpilib_nonshared.dir\Debug\\" /Fd"wpilib_nonshared.dir\Debug\vc110.pdb" /Gd /TP /errorReport:prompt  -fPIC C:\Users\T_hics\Documents\GitHub\allwpilib\wpilibc\wpilibC++Devices\src\ADXL345_I2C.cpp C:\Users\T_hics\Documents\GitHub\allwpilib\wpilibc\wpilibC++Devices\src\ADXL345_SPI.cpp C:\Users\T_hics\Documents\GitHub\allwpilib\wpilibc\wpilibC++Devices\src\AnalogAccelerometer.cpp C:\Users\T_hics\Documents\GitHub\allwpilib\wpilibc\wpilibC++Devices\src\AnalogInput.cpp C:\Users\T_hics\Documents\GitHub\allwpilib\wpilibc\wpilibC++Devices\src\AnalogOutput.cpp C:\Users\T_hics\Documents\GitHub\allwpilib\wpilibc\wpilibC++Devices\src\AnalogPotentiometer.cpp C:\Users\T_hics\Documents\GitHub\allwpilib\wpilibc\wpilibC++Devices\src\AnalogTrigger.cpp C:\Users\T_hics\Documents\GitHub\allwpilib\wpilibc\wpilibC++Devices\src\AnalogTriggerOutput.cpp C:\Users\T_hics\Documents\GitHub\allwpilib\wpilibc\wpilibC++Devices\src\BuiltInAccelerometer.cpp C:\Users\T_hics\Documents\GitHub\allwpilib\wpilibc\wpilibC++Devices\src\CameraServer.cpp C:\Users\T_hics\Documents\GitHub\allwpilib\wpilibc\wpilibC++Devices\src\CANJaguar.cpp C:\Users\T_hics\Documents\GitHub\allwpilib\wpilibc\wpilibC++Devices\src\CANTalon.cpp C:\Users\T_hics\Documents\GitHub\allwpilib\wpilibc\wpilibC++Devices\src\Compressor.cpp C:\Users\T_hics\Documents\GitHub\allwpilib\wpilibc\wpilibC++Devices\src\ControllerPower.cpp C:\Users\T_hics\Documents\GitHub\allwpilib\wpilibc\wpilibC++Devices\src\Counter.cpp C:\Users\T_hics\Documents\GitHub\allwpilib\wpilibc\wpilibC++Devices\src\DigitalInput.cpp C:\Users\T_hics\Documents\GitHub\allwpilib\wpilibc\wpilibC++Devices\src\DigitalOutput.cpp C:\Users\T_hics\Documents\GitHub\allwpilib\wpilibc\wpilibC++Devices\src\DigitalSource.cpp C:\Users\T_hics\Documents\GitHub\allwpilib\wpilibc\wpilibC++Devices\src\DoubleSolenoid.cpp C:\Users\T_hics\Documents\GitHub\allwpilib\wpilibc\wpilibC++Devices\src\DriverStation.cpp C:\Users\T_hics\Documents\GitHub\allwpilib\wpilibc\wpilibC++Devices\src\Encoder.cpp C:\Users\T_hics\Documents\GitHub\allwpilib\wpilibc\wpilibC++Devices\src\GearTooth.cpp C:\Users\T_hics\Documents\GitHub\allwpilib\wpilibc\wpilibC++Devices\src\Gyro.cpp C:\Users\T_hics\Documents\GitHub\allwpilib\wpilibc\wpilibC++Devices\src\I2C.cpp C:\Users\T_hics\Documents\GitHub\allwpilib\wpilibc\wpilibC++Devices\src\Internal\HardwareHLReporting.cpp C:\Users\T_hics\Documents\GitHub\allwpilib\wpilibc\wpilibC++Devices\src\InterruptableSensorBase.cpp C:\Users\T_hics\Documents\GitHub\allwpilib\wpilibc\wpilibC++Devices\src\IterativeRobot.cpp C:\Users\T_hics\Documents\GitHub\allwpilib\wpilibc\wpilibC++Devices\src\Jaguar.cpp C:\Users\T_hics\Documents\GitHub\allwpilib\wpilibc\wpilibC++Devices\src\Joystick.cpp C:\Users\T_hics\Documents\GitHub\allwpilib\wpilibc\wpilibC++Devices\src\MotorSafetyHelper.cpp C:\Users\T_hics\Documents\GitHub\allwpilib\wpilibc\wpilibC++Devices\src\Notifier.cpp C:\Users\T_hics\Documents\GitHub\allwpilib\wpilibc\wpilibC++Devices\src\PIDController.cpp C:\Users\T_hics\Documents\GitHub\allwpilib\wpilibc\wpilibC++Devices\src\PowerDistributionPanel.cpp C:\Users\T_hics\Documents\GitHub\allwpilib\wpilibc\wpilibC++Devices\src\Preferences.cpp C:\Users\T_hics\Documents\GitHub\allwpilib\wpilibc\wpilibC++Devices\src\PWM.cpp C:\Users\T_hics\Documents\GitHub\allwpilib\wpilibc\wpilibC++Devices\src\Relay.cpp C:\Users\T_hics\Documents\GitHub\allwpilib\wpilibc\wpilibC++Devices\src\RobotBase.cpp C:\Users\T_hics\Documents\GitHub\allwpilib\wpilibc\wpilibC++Devices\src\RobotDrive.cpp C:\Users\T_hics\Documents\GitHub\allwpilib\wpilibc\wpilibC++Devices\src\SafePWM.cpp C:\Users\T_hics\Documents\GitHub\allwpilib\wpilibc\wpilibC++Devices\src\SampleRobot.cpp C:\Users\T_hics\Documents\GitHub\allwpilib\wpilibc\wpilibC++Devices\src\SensorBase.cpp C:\Users\T_hics\Documents\GitHub\allwpilib\wpilibc\wpilibC++Devices\src\SerialPort.cpp C:\Users\T_hics\Documents\GitHub\allwpilib\wpilibc\wpilibC++Devices\src\Servo.cpp C:\Users\T_hics\Documents\GitHub\allwpilib\wpilibc\wpilibC++Devices\src\Solenoid.cpp C:\Users\T_hics\Documents\GitHub\allwpilib\wpilibc\wpilibC++Devices\src\SolenoidBase.cpp C:\Users\T_hics\Documents\GitHub\allwpilib\wpilibc\wpilibC++Devices\src\SPI.cpp C:\Users\T_hics\Documents\GitHub\allwpilib\wpilibc\wpilibC++Devices\src\Talon.cpp C:\Users\T_hics\Documents\GitHub\allwpilib\wpilibc\wpilibC++Devices\src\TalonSRX.cpp C:\Users\T_hics\Documents\GitHub\allwpilib\wpilibc\wpilibC++Devices\src\Task.cpp C:\Users\T_hics\Documents\GitHub\allwpilib\wpilibc\wpilibC++Devices\src\Timer.cpp C:\Users\T_hics\Documents\GitHub\allwpilib\wpilibc\wpilibC++Devices\src\Ultrasonic.cpp C:\Users\T_hics\Documents\GitHub\allwpilib\wpilibc\wpilibC++Devices\src\USBCamera.cpp C:\Users\T_hics\Documents\GitHub\allwpilib\wpilibc\wpilibC++Devices\src\Utility.cpp C:\Users\T_hics\Documents\GitHub\allwpilib\wpilibc\wpilibC++Devices\src\Victor.cpp C:\Users\T_hics\Documents\GitHub\allwpilib\wpilibc\wpilibC++Devices\src\VictorSP.cpp C:\Users\T_hics\Documents\GitHub\allwpilib\wpilibc\wpilibC++Devices\src\Vision\AxisCamera.cpp C:\Users\T_hics\Documents\GitHub\allwpilib\wpilibc\wpilibC++Devices\src\Vision\BaeUtilities.cpp C:\Users\T_hics\Documents\GitHub\allwpilib\wpilibc\wpilibC++Devices\src\Vision\BinaryImage.cpp C:\Users\T_hics\Documents\GitHub\allwpilib\wpilibc\wpilibC++Devices\src\Vision\ColorImage.cpp C:\Users\T_hics\Documents\GitHub\allwpilib\wpilibc\wpilibC++Devices\src\Vision\HSLImage.cpp C:\Users\T_hics\Documents\GitHub\allwpilib\wpilibc\wpilibC++Devices\src\Vision\ImageBase.cpp C:\Users\T_hics\Documents\GitHub\allwpilib\wpilibc\wpilibC++Devices\src\Vision\MonoImage.cpp C:\Users\T_hics\Documents\GitHub\allwpilib\wpilibc\wpilibC++Devices\src\Vision\RGBImage.cpp C:\Users\T_hics\Documents\GitHub\allwpilib\wpilibc\wpilibC++\src\Buttons\Button.cpp C:\Users\T_hics\Documents\GitHub\allwpilib\wpilibc\wpilibC++\src\Buttons\ButtonScheduler.cpp C:\Users\T_hics\Documents\GitHub\allwpilib\wpilibc\wpilibC++\src\Buttons\CancelButtonScheduler.cpp C:\Users\T_hics\Documents\GitHub\allwpilib\wpilibc\wpilibC++\src\Buttons\HeldButtonScheduler.cpp C:\Users\T_hics\Documents\GitHub\allwpilib\wpilibc\wpilibC++\src\Buttons\InternalButton.cpp C:\Users\T_hics\Documents\GitHub\allwpilib\wpilibc\wpilibC++\src\Buttons\JoystickButton.cpp C:\Users\T_hics\Documents\GitHub\allwpilib\wpilibc\wpilibC++\src\Buttons\NetworkButton.cpp C:\Users\T_hics\Documents\GitHub\allwpilib\wpilibc\wpilibC++\src\Buttons\PressedButtonScheduler.cpp C:\Users\T_hics\Documents\GitHub\allwpilib\wpilibc\wpilibC++\src\Buttons\ReleasedButtonScheduler.cpp C:\Users\T_hics\Documents\GitHub\allwpilib\wpilibc\wpilibC++\src\Buttons\ToggleButtonScheduler.cpp C:\Users\T_hics\Documents\GitHub\allwpilib\wpilibc\wpilibC++\src\Buttons\Trigger.cpp C:\Users\T_hics\Documents\GitHub\allwpilib\wpilibc\wpilibC++\src\Commands\Command.cpp C:\Users\T_hics\Documents\GitHub\allwpilib\wpilibc\wpilibC++\src\Commands\CommandGroup.cpp C:\Users\T_hics\Documents\GitHub\allwpilib\wpilibc\wpilibC++\src\Commands\CommandGroupEntry.cpp C:\Users\T_hics\Documents\GitHub\allwpilib\wpilibc\wpilibC++\src\Commands\PIDCommand.cpp C:\Users\T_hics\Documents\GitHub\allwpilib\wpilibc\wpilibC++\src\Commands\PIDSubsystem.cpp C:\Users\T_hics\Documents\GitHub\allwpilib\wpilibc\wpilibC++\src\Commands\PrintCommand.cpp C:\Users\T_hics\Documents\GitHub\allwpilib\wpilibc\wpilibC++\src\Commands\Scheduler.cpp C:\Users\T_hics\Documents\GitHub\allwpilib\wpilibc\wpilibC++\src\Commands\StartCommand.cpp C:\Users\T_hics\Documents\GitHub\allwpilib\wpilibc\wpilibC++\src\Commands\Subsystem.cpp C:\Users\T_hics\Documents\GitHub\allwpilib\wpilibc\wpilibC++\src\Commands\WaitCommand.cpp C:\Users\T_hics\Documents\GitHub\allwpilib\wpilibc\wpilibC++\src\Commands\WaitForChildren.cpp C:\Users\T_hics\Documents\GitHub\allwpilib\wpilibc\wpilibC++\src\Commands\WaitUntilCommand.cpp C:\Users\T_hics\Documents\GitHub\allwpilib\wpilibc\wpilibC++\src\Error.cpp C:\Users\T_hics\Documents\GitHub\allwpilib\wpilibc\wpilibC++\src\ErrorBase.cpp C:\Users\T_hics\Documents\GitHub\allwpilib\wpilibc\wpilibC++\src\LiveWindow\LiveWindow.cpp C:\Users\T_hics\Documents\GitHub\allwpilib\wpilibc\wpilibC++\src\LiveWindow\LiveWindowStatusListener.cpp C:\Users\T_hics\Documents\GitHub\allwpilib\wpilibc\wpilibC++\src\Resource.cpp C:\Users\T_hics\Documents\GitHub\allwpilib\wpilibc\wpilibC++\src\SmartDashboard\SendableChooser.cpp C:\Users\T_hics\Documents\GitHub\allwpilib\wpilibc\wpilibC++\src\SmartDashboard\SmartDashboard.cpp
     1>cl : Command line warning D9002: ignoring unknown option '-fPIC'
         ADXL345_I2C.cpp
     1>C:\Program Files (x86)\Microsoft Visual Studio 11.0\VC\include\xkeycheck.h(180): warning C4005: 'constexpr' : macro redefinition
                 c:\users\t_hics\documents\github\allwpilib\wpilibc\wpilibc++\include\Base.h(10) : see previous definition of 'constexpr'
     1>C:\Program Files (x86)\Microsoft Visual Studio 11.0\VC\include\xkeycheck.h(208): warning C4005: 'nullptr' : macro redefinition
                 c:\users\t_hics\documents\github\allwpilib\wpilibc\wpilibc++\include\Base.h(11) : see previous definition of 'nullptr'
     1>C:\Program Files (x86)\Microsoft Visual Studio 11.0\VC\include\xkeycheck.h(242): fatal error C1189: #error :  The C++ Standard Library forbids macroizing keywords. Enable warning C4005 to find the forbidden macro.
         ADXL345_SPI.cpp
     1>C:\Program Files (x86)\Microsoft Visual Studio 11.0\VC\include\xkeycheck.h(180): warning C4005: 'constexpr' : macro redefinition
                 c:\users\t_hics\documents\github\allwpilib\wpilibc\wpilibc++\include\Base.h(10) : see previous definition of 'constexpr'
     1>C:\Program Files (x86)\Microsoft Visual Studio 11.0\VC\include\xkeycheck.h(208): warning C4005: 'nullptr' : macro redefinition
                 c:\users\t_hics\documents\github\allwpilib\wpilibc\wpilibc++\include\Base.h(11) : see previous definition of 'nullptr'
     1>C:\Program Files (x86)\Microsoft Visual Studio 11.0\VC\include\xkeycheck.h(242): fatal error C1189: #error :  The C++ Standard Library forbids macroizing keywords. Enable warning C4005 to find the forbidden macro.
         AnalogAccelerometer.cpp
     1>C:\Users\T_hics\Documents\GitHub\allwpilib\hal\include\HAL/Semaphore.hpp(7): fatal error C1083: Cannot open include file: 'pthread.h': No such file or directory
         AnalogInput.cpp
     1>C:\Users\T_hics\Documents\GitHub\allwpilib\hal\include\HAL/Semaphore.hpp(7): fatal error C1083: Cannot open include file: 'pthread.h': No such file or directory
         AnalogOutput.cpp
     1>C:\Users\T_hics\Documents\GitHub\allwpilib\hal\include\HAL/Semaphore.hpp(7): fatal error C1083: Cannot open include file: 'pthread.h': No such file or directory
         AnalogPotentiometer.cpp
     1>C:\Users\T_hics\Documents\GitHub\allwpilib\hal\include\HAL/Semaphore.hpp(7): fatal error C1083: Cannot open include file: 'pthread.h': No such file or directory
         AnalogTrigger.cpp
     1>C:\Users\T_hics\Documents\GitHub\allwpilib\hal\include\HAL/Semaphore.hpp(7): fatal error C1083: Cannot open include file: 'pthread.h': No such file or directory
         AnalogTriggerOutput.cpp
     1>C:\Users\T_hics\Documents\GitHub\allwpilib\hal\include\HAL/Semaphore.hpp(7): fatal error C1083: Cannot open include file: 'pthread.h': No such file or directory
         BuiltInAccelerometer.cpp
     1>C:\Program Files (x86)\Microsoft Visual Studio 11.0\VC\include\xkeycheck.h(180): warning C4005: 'constexpr' : macro redefinition
                 c:\users\t_hics\documents\github\allwpilib\wpilibc\wpilibc++\include\Base.h(10) : see previous definition of 'constexpr'
     1>C:\Program Files (x86)\Microsoft Visual Studio 11.0\VC\include\xkeycheck.h(208): warning C4005: 'nullptr' : macro redefinition
                 c:\users\t_hics\documents\github\allwpilib\wpilibc\wpilibc++\include\Base.h(11) : see previous definition of 'nullptr'
     1>C:\Program Files (x86)\Microsoft Visual Studio 11.0\VC\include\xkeycheck.h(242): fatal error C1189: #error :  The C++ Standard Library forbids macroizing keywords. Enable warning C4005 to find the forbidden macro.
         CameraServer.cpp
     1>C:\Program Files (x86)\Microsoft Visual Studio 11.0\VC\include\xkeycheck.h(180): warning C4005: 'constexpr' : macro redefinition
                 c:\users\t_hics\documents\github\allwpilib\wpilibc\wpilibc++\include\Base.h(10) : see previous definition of 'constexpr'
     1>C:\Program Files (x86)\Microsoft Visual Studio 11.0\VC\include\xkeycheck.h(208): warning C4005: 'nullptr' : macro redefinition
                 c:\users\t_hics\documents\github\allwpilib\wpilibc\wpilibc++\include\Base.h(11) : see previous definition of 'nullptr'
     1>C:\Program Files (x86)\Microsoft Visual Studio 11.0\VC\include\xkeycheck.h(242): fatal error C1189: #error :  The C++ Standard Library forbids macroizing keywords. Enable warning C4005 to find the forbidden macro.
         CANJaguar.cpp
     1>C:\Program Files (x86)\Microsoft Visual Studio 11.0\VC\include\xkeycheck.h(180): warning C4005: 'constexpr' : macro redefinition
                 c:\users\t_hics\documents\github\allwpilib\wpilibc\wpilibc++\include\Base.h(10) : see previous definition of 'constexpr'
     1>C:\Program Files (x86)\Microsoft Visual Studio 11.0\VC\include\xkeycheck.h(208): warning C4005: 'nullptr' : macro redefinition
                 c:\users\t_hics\documents\github\allwpilib\wpilibc\wpilibc++\include\Base.h(11) : see previous definition of 'nullptr'
     1>C:\Program Files (x86)\Microsoft Visual Studio 11.0\VC\include\xkeycheck.h(242): fatal error C1189: #error :  The C++ Standard Library forbids macroizing keywords. Enable warning C4005 to find the forbidden macro.
         CANTalon.cpp
     1>C:\Program Files (x86)\Microsoft Visual Studio 11.0\VC\include\xkeycheck.h(180): warning C4005: 'constexpr' : macro redefinition
                 c:\users\t_hics\documents\github\allwpilib\wpilibc\wpilibc++\include\Base.h(10) : see previous definition of 'constexpr'
     1>C:\Program Files (x86)\Microsoft Visual Studio 11.0\VC\include\xkeycheck.h(208): warning C4005: 'nullptr' : macro redefinition
                 c:\users\t_hics\documents\github\allwpilib\wpilibc\wpilibc++\include\Base.h(11) : see previous definition of 'nullptr'
     1>C:\Program Files (x86)\Microsoft Visual Studio 11.0\VC\include\xkeycheck.h(242): fatal error C1189: #error :  The C++ Standard Library forbids macroizing keywords. Enable warning C4005 to find the forbidden macro.
         Compressor.cpp
     1>C:\Users\T_hics\Documents\GitHub\allwpilib\hal\include\HAL/Semaphore.hpp(7): fatal error C1083: Cannot open include file: 'pthread.h': No such file or directory
         ControllerPower.cpp
     1>C:\Users\T_hics\Documents\GitHub\allwpilib\hal\include\HAL/Semaphore.hpp(7): fatal error C1083: Cannot open include file: 'pthread.h': No such file or directory
         Counter.cpp
     1>C:\Users\T_hics\Documents\GitHub\allwpilib\hal\include\HAL/Semaphore.hpp(7): fatal error C1083: Cannot open include file: 'pthread.h': No such file or directory
         DigitalInput.cpp
     1>C:\Users\T_hics\Documents\GitHub\allwpilib\hal\include\HAL/Semaphore.hpp(7): fatal error C1083: Cannot open include file: 'pthread.h': No such file or directory
         DigitalOutput.cpp
     1>C:\Users\T_hics\Documents\GitHub\allwpilib\hal\include\HAL/Semaphore.hpp(7): fatal error C1083: Cannot open include file: 'pthread.h': No such file or directory
         DigitalSource.cpp
     1>C:\Users\T_hics\Documents\GitHub\allwpilib\hal\include\HAL/Semaphore.hpp(7): fatal error C1083: Cannot open include file: 'pthread.h': No such file or directory
         DoubleSolenoid.cpp
     1>C:\Program Files (x86)\Microsoft Visual Studio 11.0\VC\include\xkeycheck.h(180): warning C4005: 'constexpr' : macro redefinition
                 c:\users\t_hics\documents\github\allwpilib\wpilibc\wpilibc++\include\Base.h(10) : see previous definition of 'constexpr'
     1>C:\Program Files (x86)\Microsoft Visual Studio 11.0\VC\include\xkeycheck.h(208): warning C4005: 'nullptr' : macro redefinition
                 c:\users\t_hics\documents\github\allwpilib\wpilibc\wpilibc++\include\Base.h(11) : see previous definition of 'nullptr'
     1>C:\Program Files (x86)\Microsoft Visual Studio 11.0\VC\include\xkeycheck.h(242): fatal error C1189: #error :  The C++ Standard Library forbids macroizing keywords. Enable warning C4005 to find the forbidden macro.
         DriverStation.cpp
     1>C:\Program Files (x86)\Microsoft Visual Studio 11.0\VC\include\xkeycheck.h(180): warning C4005: 'constexpr' : macro redefinition
                 c:\users\t_hics\documents\github\allwpilib\wpilibc\wpilibc++\include\Base.h(10) : see previous definition of 'constexpr'
     1>C:\Program Files (x86)\Microsoft Visual Studio 11.0\VC\include\xkeycheck.h(208): warning C4005: 'nullptr' : macro redefinition
                 c:\users\t_hics\documents\github\allwpilib\wpilibc\wpilibc++\include\Base.h(11) : see previous definition of 'nullptr'
     1>C:\Program Files (x86)\Microsoft Visual Studio 11.0\VC\include\xkeycheck.h(242): fatal error C1189: #error :  The C++ Standard Library forbids macroizing keywords. Enable warning C4005 to find the forbidden macro.
         Generating Code...
         Compiling...
         Encoder.cpp
     1>C:\Users\T_hics\Documents\GitHub\allwpilib\hal\include\HAL/Semaphore.hpp(7): fatal error C1083: Cannot open include file: 'pthread.h': No such file or directory
         GearTooth.cpp
     1>C:\Users\T_hics\Documents\GitHub\allwpilib\hal\include\HAL/Semaphore.hpp(7): fatal error C1083: Cannot open include file: 'pthread.h': No such file or directory
         Gyro.cpp
     1>C:\Program Files (x86)\Microsoft Visual Studio 11.0\VC\include\xkeycheck.h(180): warning C4005: 'constexpr' : macro redefinition
                 c:\users\t_hics\documents\github\allwpilib\wpilibc\wpilibc++\include\Base.h(10) : see previous definition of 'constexpr'
     1>C:\Program Files (x86)\Microsoft Visual Studio 11.0\VC\include\xkeycheck.h(208): warning C4005: 'nullptr' : macro redefinition
                 c:\users\t_hics\documents\github\allwpilib\wpilibc\wpilibc++\include\Base.h(11) : see previous definition of 'nullptr'
     1>C:\Program Files (x86)\Microsoft Visual Studio 11.0\VC\include\xkeycheck.h(242): fatal error C1189: #error :  The C++ Standard Library forbids macroizing keywords. Enable warning C4005 to find the forbidden macro.
         I2C.cpp
     1>C:\Program Files (x86)\Microsoft Visual Studio 11.0\VC\include\xkeycheck.h(180): warning C4005: 'constexpr' : macro redefinition
                 c:\users\t_hics\documents\github\allwpilib\wpilibc\wpilibc++\include\Base.h(10) : see previous definition of 'constexpr'
     1>C:\Program Files (x86)\Microsoft Visual Studio 11.0\VC\include\xkeycheck.h(208): warning C4005: 'nullptr' : macro redefinition
                 c:\users\t_hics\documents\github\allwpilib\wpilibc\wpilibc++\include\Base.h(11) : see previous definition of 'nullptr'
     1>C:\Program Files (x86)\Microsoft Visual Studio 11.0\VC\include\xkeycheck.h(242): fatal error C1189: #error :  The C++ Standard Library forbids macroizing keywords. Enable warning C4005 to find the forbidden macro.
         HardwareHLReporting.cpp
     1>C:\Users\T_hics\Documents\GitHub\allwpilib\hal\include\HAL/Semaphore.hpp(7): fatal error C1083: Cannot open include file: 'pthread.h': No such file or directory
         InterruptableSensorBase.cpp
     1>C:\Users\T_hics\Documents\GitHub\allwpilib\hal\include\HAL/Semaphore.hpp(7): fatal error C1083: Cannot open include file: 'pthread.h': No such file or directory
         IterativeRobot.cpp
     1>C:\Users\T_hics\Documents\GitHub\allwpilib\hal\include\HAL/Semaphore.hpp(7): fatal error C1083: Cannot open include file: 'pthread.h': No such file or directory
         Jaguar.cpp
     1>C:\Program Files (x86)\Microsoft Visual Studio 11.0\VC\include\xkeycheck.h(180): warning C4005: 'constexpr' : macro redefinition
                 c:\users\t_hics\documents\github\allwpilib\wpilibc\wpilibc++\include\Base.h(10) : see previous definition of 'constexpr'
     1>C:\Program Files (x86)\Microsoft Visual Studio 11.0\VC\include\xkeycheck.h(208): warning C4005: 'nullptr' : macro redefinition
                 c:\users\t_hics\documents\github\allwpilib\wpilibc\wpilibc++\include\Base.h(11) : see previous definition of 'nullptr'
     1>C:\Program Files (x86)\Microsoft Visual Studio 11.0\VC\include\xkeycheck.h(242): fatal error C1189: #error :  The C++ Standard Library forbids macroizing keywords. Enable warning C4005 to find the forbidden macro.
         Joystick.cpp
     1>C:\Users\T_hics\Documents\GitHub\allwpilib\hal\include\HAL/Semaphore.hpp(7): fatal error C1083: Cannot open include file: 'pthread.h': No such file or directory
         MotorSafetyHelper.cpp
     1>C:\Program Files (x86)\Microsoft Visual Studio 11.0\VC\include\xkeycheck.h(180): warning C4005: 'constexpr' : macro redefinition
                 c:\users\t_hics\documents\github\allwpilib\wpilibc\wpilibc++\include\Base.h(10) : see previous definition of 'constexpr'
     1>C:\Program Files (x86)\Microsoft Visual Studio 11.0\VC\include\xkeycheck.h(208): warning C4005: 'nullptr' : macro redefinition
                 c:\users\t_hics\documents\github\allwpilib\wpilibc\wpilibc++\include\Base.h(11) : see previous definition of 'nullptr'
     1>C:\Program Files (x86)\Microsoft Visual Studio 11.0\VC\include\xkeycheck.h(242): fatal error C1189: #error :  The C++ Standard Library forbids macroizing keywords. Enable warning C4005 to find the forbidden macro.
         Notifier.cpp
     1>C:\Program Files (x86)\Microsoft Visual Studio 11.0\VC\include\xkeycheck.h(180): warning C4005: 'constexpr' : macro redefinition
                 c:\users\t_hics\documents\github\allwpilib\wpilibc\wpilibc++\include\Base.h(10) : see previous definition of 'constexpr'
     1>C:\Program Files (x86)\Microsoft Visual Studio 11.0\VC\include\xkeycheck.h(208): warning C4005: 'nullptr' : macro redefinition
                 c:\users\t_hics\documents\github\allwpilib\wpilibc\wpilibc++\include\Base.h(11) : see previous definition of 'nullptr'
     1>C:\Program Files (x86)\Microsoft Visual Studio 11.0\VC\include\xkeycheck.h(242): fatal error C1189: #error :  The C++ Standard Library forbids macroizing keywords. Enable warning C4005 to find the forbidden macro.
         PIDController.cpp
     1>C:\Program Files (x86)\Microsoft Visual Studio 11.0\VC\include\xkeycheck.h(180): warning C4005: 'constexpr' : macro redefinition
                 c:\users\t_hics\documents\github\allwpilib\wpilibc\wpilibc++\include\Base.h(10) : see previous definition of 'constexpr'
     1>C:\Program Files (x86)\Microsoft Visual Studio 11.0\VC\include\xkeycheck.h(208): warning C4005: 'nullptr' : macro redefinition
                 c:\users\t_hics\documents\github\allwpilib\wpilibc\wpilibc++\include\Base.h(11) : see previous definition of 'nullptr'
     1>C:\Program Files (x86)\Microsoft Visual Studio 11.0\VC\include\xkeycheck.h(242): fatal error C1189: #error :  The C++ Standard Library forbids macroizing keywords. Enable warning C4005 to find the forbidden macro.
         PowerDistributionPanel.cpp
     1>C:\Program Files (x86)\Microsoft Visual Studio 11.0\VC\include\xkeycheck.h(180): warning C4005: 'constexpr' : macro redefinition
                 c:\users\t_hics\documents\github\allwpilib\wpilibc\wpilibc++\include\Base.h(10) : see previous definition of 'constexpr'
     1>C:\Program Files (x86)\Microsoft Visual Studio 11.0\VC\include\xkeycheck.h(208): warning C4005: 'nullptr' : macro redefinition
                 c:\users\t_hics\documents\github\allwpilib\wpilibc\wpilibc++\include\Base.h(11) : see previous definition of 'nullptr'
     1>C:\Program Files (x86)\Microsoft Visual Studio 11.0\VC\include\xkeycheck.h(242): fatal error C1189: #error :  The C++ Standard Library forbids macroizing keywords. Enable warning C4005 to find the forbidden macro.
         Preferences.cpp
     1>C:\Program Files (x86)\Microsoft Visual Studio 11.0\VC\include\xkeycheck.h(180): warning C4005: 'constexpr' : macro redefinition
                 c:\users\t_hics\documents\github\allwpilib\wpilibc\wpilibc++\include\Base.h(10) : see previous definition of 'constexpr'
     1>C:\Program Files (x86)\Microsoft Visual Studio 11.0\VC\include\xkeycheck.h(208): warning C4005: 'nullptr' : macro redefinition
                 c:\users\t_hics\documents\github\allwpilib\wpilibc\wpilibc++\include\Base.h(11) : see previous definition of 'nullptr'
     1>C:\Program Files (x86)\Microsoft Visual Studio 11.0\VC\include\xkeycheck.h(242): fatal error C1189: #error :  The C++ Standard Library forbids macroizing keywords. Enable warning C4005 to find the forbidden macro.
         PWM.cpp
     1>C:\Program Files (x86)\Microsoft Visual Studio 11.0\VC\include\xkeycheck.h(180): warning C4005: 'constexpr' : macro redefinition
                 c:\users\t_hics\documents\github\allwpilib\wpilibc\wpilibc++\include\Base.h(10) : see previous definition of 'constexpr'
     1>C:\Program Files (x86)\Microsoft Visual Studio 11.0\VC\include\xkeycheck.h(208): warning C4005: 'nullptr' : macro redefinition
                 c:\users\t_hics\documents\github\allwpilib\wpilibc\wpilibc++\include\Base.h(11) : see previous definition of 'nullptr'
     1>C:\Program Files (x86)\Microsoft Visual Studio 11.0\VC\include\xkeycheck.h(242): fatal error C1189: #error :  The C++ Standard Library forbids macroizing keywords. Enable warning C4005 to find the forbidden macro.
         Relay.cpp
     1>C:\Program Files (x86)\Microsoft Visual Studio 11.0\VC\include\xkeycheck.h(180): warning C4005: 'constexpr' : macro redefinition
                 c:\users\t_hics\documents\github\allwpilib\wpilibc\wpilibc++\include\Base.h(10) : see previous definition of 'constexpr'
     1>C:\Program Files (x86)\Microsoft Visual Studio 11.0\VC\include\xkeycheck.h(208): warning C4005: 'nullptr' : macro redefinition
                 c:\users\t_hics\documents\github\allwpilib\wpilibc\wpilibc++\include\Base.h(11) : see previous definition of 'nullptr'
     1>C:\Program Files (x86)\Microsoft Visual Studio 11.0\VC\include\xkeycheck.h(242): fatal error C1189: #error :  The C++ Standard Library forbids macroizing keywords. Enable warning C4005 to find the forbidden macro.
         RobotBase.cpp
     1>C:\Program Files (x86)\Microsoft Visual Studio 11.0\VC\include\xkeycheck.h(180): warning C4005: 'constexpr' : macro redefinition
                 C:\Users\T_hics\Documents\GitHub\allwpilib\wpilibc\wpilibC++\include\Base.h(10) : see previous definition of 'constexpr'
     1>C:\Program Files (x86)\Microsoft Visual Studio 11.0\VC\include\xkeycheck.h(208): warning C4005: 'nullptr' : macro redefinition
                 C:\Users\T_hics\Documents\GitHub\allwpilib\wpilibc\wpilibC++\include\Base.h(11) : see previous definition of 'nullptr'
     1>C:\Program Files (x86)\Microsoft Visual Studio 11.0\VC\include\xkeycheck.h(242): fatal error C1189: #error :  The C++ Standard Library forbids macroizing keywords. Enable warning C4005 to find the forbidden macro.
         RobotDrive.cpp
     1>C:\Program Files (x86)\Microsoft Visual Studio 11.0\VC\include\xkeycheck.h(180): warning C4005: 'constexpr' : macro redefinition
                 c:\users\t_hics\documents\github\allwpilib\wpilibc\wpilibc++\include\Base.h(10) : see previous definition of 'constexpr'
     1>C:\Program Files (x86)\Microsoft Visual Studio 11.0\VC\include\xkeycheck.h(208): warning C4005: 'nullptr' : macro redefinition
                 c:\users\t_hics\documents\github\allwpilib\wpilibc\wpilibc++\include\Base.h(11) : see previous definition of 'nullptr'
     1>C:\Program Files (x86)\Microsoft Visual Studio 11.0\VC\include\xkeycheck.h(242): fatal error C1189: #error :  The C++ Standard Library forbids macroizing keywords. Enable warning C4005 to find the forbidden macro.
         SafePWM.cpp
     1>C:\Program Files (x86)\Microsoft Visual Studio 11.0\VC\include\xkeycheck.h(180): warning C4005: 'constexpr' : macro redefinition
                 c:\users\t_hics\documents\github\allwpilib\wpilibc\wpilibc++\include\Base.h(10) : see previous definition of 'constexpr'
     1>C:\Program Files (x86)\Microsoft Visual Studio 11.0\VC\include\xkeycheck.h(208): warning C4005: 'nullptr' : macro redefinition
                 c:\users\t_hics\documents\github\allwpilib\wpilibc\wpilibc++\include\Base.h(11) : see previous definition of 'nullptr'
     1>C:\Program Files (x86)\Microsoft Visual Studio 11.0\VC\include\xkeycheck.h(242): fatal error C1189: #error :  The C++ Standard Library forbids macroizing keywords. Enable warning C4005 to find the forbidden macro.
         SampleRobot.cpp
     1>C:\Program Files (x86)\Microsoft Visual Studio 11.0\VC\include\xkeycheck.h(180): warning C4005: 'constexpr' : macro redefinition
                 C:\Users\T_hics\Documents\GitHub\allwpilib\wpilibc\wpilibC++\include\Base.h(10) : see previous definition of 'constexpr'
     1>C:\Program Files (x86)\Microsoft Visual Studio 11.0\VC\include\xkeycheck.h(208): warning C4005: 'nullptr' : macro redefinition
                 C:\Users\T_hics\Documents\GitHub\allwpilib\wpilibc\wpilibC++\include\Base.h(11) : see previous definition of 'nullptr'
     1>C:\Program Files (x86)\Microsoft Visual Studio 11.0\VC\include\xkeycheck.h(242): fatal error C1189: #error :  The C++ Standard Library forbids macroizing keywords. Enable warning C4005 to find the forbidden macro.
         Generating Code...
         Compiling...
         SensorBase.cpp
     1>C:\Program Files (x86)\Microsoft Visual Studio 11.0\VC\include\xkeycheck.h(180): warning C4005: 'constexpr' : macro redefinition
                 c:\users\t_hics\documents\github\allwpilib\wpilibc\wpilibc++\include\Base.h(10) : see previous definition of 'constexpr'
     1>C:\Program Files (x86)\Microsoft Visual Studio 11.0\VC\include\xkeycheck.h(208): warning C4005: 'nullptr' : macro redefinition
                 c:\users\t_hics\documents\github\allwpilib\wpilibc\wpilibc++\include\Base.h(11) : see previous definition of 'nullptr'
     1>C:\Program Files (x86)\Microsoft Visual Studio 11.0\VC\include\xkeycheck.h(242): fatal error C1189: #error :  The C++ Standard Library forbids macroizing keywords. Enable warning C4005 to find the forbidden macro.
         SerialPort.cpp
     1>C:\Program Files (x86)\Microsoft Visual Studio 11.0\VC\include\xkeycheck.h(180): warning C4005: 'constexpr' : macro redefinition
                 c:\users\t_hics\documents\github\allwpilib\wpilibc\wpilibc++\include\Base.h(10) : see previous definition of 'constexpr'
     1>C:\Program Files (x86)\Microsoft Visual Studio 11.0\VC\include\xkeycheck.h(208): warning C4005: 'nullptr' : macro redefinition
                 c:\users\t_hics\documents\github\allwpilib\wpilibc\wpilibc++\include\Base.h(11) : see previous definition of 'nullptr'
     1>C:\Program Files (x86)\Microsoft Visual Studio 11.0\VC\include\xkeycheck.h(242): fatal error C1189: #error :  The C++ Standard Library forbids macroizing keywords. Enable warning C4005 to find the forbidden macro.
         Servo.cpp
     1>C:\Program Files (x86)\Microsoft Visual Studio 11.0\VC\include\xkeycheck.h(180): warning C4005: 'constexpr' : macro redefinition
                 c:\users\t_hics\documents\github\allwpilib\wpilibc\wpilibc++\include\Base.h(10) : see previous definition of 'constexpr'
     1>C:\Program Files (x86)\Microsoft Visual Studio 11.0\VC\include\xkeycheck.h(208): warning C4005: 'nullptr' : macro redefinition
                 c:\users\t_hics\documents\github\allwpilib\wpilibc\wpilibc++\include\Base.h(11) : see previous definition of 'nullptr'
     1>C:\Program Files (x86)\Microsoft Visual Studio 11.0\VC\include\xkeycheck.h(242): fatal error C1189: #error :  The C++ Standard Library forbids macroizing keywords. Enable warning C4005 to find the forbidden macro.
         Solenoid.cpp
     1>C:\Program Files (x86)\Microsoft Visual Studio 11.0\VC\include\xkeycheck.h(180): warning C4005: 'constexpr' : macro redefinition
                 c:\users\t_hics\documents\github\allwpilib\wpilibc\wpilibc++\include\Base.h(10) : see previous definition of 'constexpr'
     1>C:\Program Files (x86)\Microsoft Visual Studio 11.0\VC\include\xkeycheck.h(208): warning C4005: 'nullptr' : macro redefinition
                 c:\users\t_hics\documents\github\allwpilib\wpilibc\wpilibc++\include\Base.h(11) : see previous definition of 'nullptr'
     1>C:\Program Files (x86)\Microsoft Visual Studio 11.0\VC\include\xkeycheck.h(242): fatal error C1189: #error :  The C++ Standard Library forbids macroizing keywords. Enable warning C4005 to find the forbidden macro.
         SolenoidBase.cpp
     1>C:\Program Files (x86)\Microsoft Visual Studio 11.0\VC\include\xkeycheck.h(180): warning C4005: 'constexpr' : macro redefinition
                 c:\users\t_hics\documents\github\allwpilib\wpilibc\wpilibc++\include\Base.h(10) : see previous definition of 'constexpr'
     1>C:\Program Files (x86)\Microsoft Visual Studio 11.0\VC\include\xkeycheck.h(208): warning C4005: 'nullptr' : macro redefinition
                 c:\users\t_hics\documents\github\allwpilib\wpilibc\wpilibc++\include\Base.h(11) : see previous definition of 'nullptr'
     1>C:\Program Files (x86)\Microsoft Visual Studio 11.0\VC\include\xkeycheck.h(242): fatal error C1189: #error :  The C++ Standard Library forbids macroizing keywords. Enable warning C4005 to find the forbidden macro.
         SPI.cpp
     1>C:\Users\T_hics\Documents\GitHub\allwpilib\hal\include\HAL/Semaphore.hpp(7): fatal error C1083: Cannot open include file: 'pthread.h': No such file or directory
         Talon.cpp
     1>C:\Program Files (x86)\Microsoft Visual Studio 11.0\VC\include\xkeycheck.h(180): warning C4005: 'constexpr' : macro redefinition
                 c:\users\t_hics\documents\github\allwpilib\wpilibc\wpilibc++\include\Base.h(10) : see previous definition of 'constexpr'
     1>C:\Program Files (x86)\Microsoft Visual Studio 11.0\VC\include\xkeycheck.h(208): warning C4005: 'nullptr' : macro redefinition
                 c:\users\t_hics\documents\github\allwpilib\wpilibc\wpilibc++\include\Base.h(11) : see previous definition of 'nullptr'
     1>C:\Program Files (x86)\Microsoft Visual Studio 11.0\VC\include\xkeycheck.h(242): fatal error C1189: #error :  The C++ Standard Library forbids macroizing keywords. Enable warning C4005 to find the forbidden macro.
         TalonSRX.cpp
     1>C:\Program Files (x86)\Microsoft Visual Studio 11.0\VC\include\xkeycheck.h(180): warning C4005: 'constexpr' : macro redefinition
                 c:\users\t_hics\documents\github\allwpilib\wpilibc\wpilibc++\include\Base.h(10) : see previous definition of 'constexpr'
     1>C:\Program Files (x86)\Microsoft Visual Studio 11.0\VC\include\xkeycheck.h(208): warning C4005: 'nullptr' : macro redefinition
                 c:\users\t_hics\documents\github\allwpilib\wpilibc\wpilibc++\include\Base.h(11) : see previous definition of 'nullptr'
     1>C:\Program Files (x86)\Microsoft Visual Studio 11.0\VC\include\xkeycheck.h(242): fatal error C1189: #error :  The C++ Standard Library forbids macroizing keywords. Enable warning C4005 to find the forbidden macro.
         Task.cpp
     1>C:\Program Files (x86)\Microsoft Visual Studio 11.0\VC\include\xkeycheck.h(180): warning C4005: 'constexpr' : macro redefinition
                 c:\users\t_hics\documents\github\allwpilib\wpilibc\wpilibc++\include\Base.h(10) : see previous definition of 'constexpr'
     1>C:\Program Files (x86)\Microsoft Visual Studio 11.0\VC\include\xkeycheck.h(208): warning C4005: 'nullptr' : macro redefinition
                 c:\users\t_hics\documents\github\allwpilib\wpilibc\wpilibc++\include\Base.h(11) : see previous definition of 'nullptr'
     1>C:\Program Files (x86)\Microsoft Visual Studio 11.0\VC\include\xkeycheck.h(242): fatal error C1189: #error :  The C++ Standard Library forbids macroizing keywords. Enable warning C4005 to find the forbidden macro.
         Timer.cpp
     1>C:\Users\T_hics\Documents\GitHub\allwpilib\hal\include\HAL/Semaphore.hpp(7): fatal error C1083: Cannot open include file: 'pthread.h': No such file or directory
         Ultrasonic.cpp
     1>C:\Program Files (x86)\Microsoft Visual Studio 11.0\VC\include\xkeycheck.h(180): warning C4005: 'constexpr' : macro redefinition
                 c:\users\t_hics\documents\github\allwpilib\wpilibc\wpilibc++\include\Base.h(10) : see previous definition of 'constexpr'
     1>C:\Program Files (x86)\Microsoft Visual Studio 11.0\VC\include\xkeycheck.h(208): warning C4005: 'nullptr' : macro redefinition
                 c:\users\t_hics\documents\github\allwpilib\wpilibc\wpilibc++\include\Base.h(11) : see previous definition of 'nullptr'
     1>C:\Program Files (x86)\Microsoft Visual Studio 11.0\VC\include\xkeycheck.h(242): fatal error C1189: #error :  The C++ Standard Library forbids macroizing keywords. Enable warning C4005 to find the forbidden macro.
         USBCamera.cpp
     1>C:\Program Files (x86)\Microsoft Visual Studio 11.0\VC\include\xkeycheck.h(180): warning C4005: 'constexpr' : macro redefinition
                 c:\users\t_hics\documents\github\allwpilib\wpilibc\wpilibc++\include\Base.h(10) : see previous definition of 'constexpr'
     1>C:\Program Files (x86)\Microsoft Visual Studio 11.0\VC\include\xkeycheck.h(208): warning C4005: 'nullptr' : macro redefinition
                 c:\users\t_hics\documents\github\allwpilib\wpilibc\wpilibc++\include\Base.h(11) : see previous definition of 'nullptr'
     1>C:\Program Files (x86)\Microsoft Visual Studio 11.0\VC\include\xkeycheck.h(242): fatal error C1189: #error :  The C++ Standard Library forbids macroizing keywords. Enable warning C4005 to find the forbidden macro.
         Utility.cpp
     1>C:\Users\T_hics\Documents\GitHub\allwpilib\hal\include\HAL/Semaphore.hpp(7): fatal error C1083: Cannot open include file: 'pthread.h': No such file or directory
         Victor.cpp
     1>C:\Program Files (x86)\Microsoft Visual Studio 11.0\VC\include\xkeycheck.h(180): warning C4005: 'constexpr' : macro redefinition
                 c:\users\t_hics\documents\github\allwpilib\wpilibc\wpilibc++\include\Base.h(10) : see previous definition of 'constexpr'
     1>C:\Program Files (x86)\Microsoft Visual Studio 11.0\VC\include\xkeycheck.h(208): warning C4005: 'nullptr' : macro redefinition
                 c:\users\t_hics\documents\github\allwpilib\wpilibc\wpilibc++\include\Base.h(11) : see previous definition of 'nullptr'
     1>C:\Program Files (x86)\Microsoft Visual Studio 11.0\VC\include\xkeycheck.h(242): fatal error C1189: #error :  The C++ Standard Library forbids macroizing keywords. Enable warning C4005 to find the forbidden macro.
         VictorSP.cpp
     1>C:\Program Files (x86)\Microsoft Visual Studio 11.0\VC\include\xkeycheck.h(180): warning C4005: 'constexpr' : macro redefinition
                 c:\users\t_hics\documents\github\allwpilib\wpilibc\wpilibc++\include\Base.h(10) : see previous definition of 'constexpr'
     1>C:\Program Files (x86)\Microsoft Visual Studio 11.0\VC\include\xkeycheck.h(208): warning C4005: 'nullptr' : macro redefinition
                 c:\users\t_hics\documents\github\allwpilib\wpilibc\wpilibc++\include\Base.h(11) : see previous definition of 'nullptr'
     1>C:\Program Files (x86)\Microsoft Visual Studio 11.0\VC\include\xkeycheck.h(242): fatal error C1189: #error :  The C++ Standard Library forbids macroizing keywords. Enable warning C4005 to find the forbidden macro.
         AxisCamera.cpp
     1>C:\Users\T_hics\Documents\GitHub\allwpilib\hal\include\HAL/Semaphore.hpp(7): fatal error C1083: Cannot open include file: 'pthread.h': No such file or directory
         BaeUtilities.cpp
     1>C:\Users\T_hics\Documents\GitHub\allwpilib\wpilibc\wpilibC++Devices\src\Vision\BaeUtilities.cpp(9): fatal error C1083: Cannot open include file: 'unistd.h': No such file or directory
         BinaryImage.cpp
     1>C:\Program Files (x86)\Microsoft Visual Studio 11.0\VC\include\xkeycheck.h(180): warning C4005: 'constexpr' : macro redefinition
                 c:\users\t_hics\documents\github\allwpilib\wpilibc\wpilibc++\include\Base.h(10) : see previous definition of 'constexpr'
     1>C:\Program Files (x86)\Microsoft Visual Studio 11.0\VC\include\xkeycheck.h(208): warning C4005: 'nullptr' : macro redefinition
                 c:\users\t_hics\documents\github\allwpilib\wpilibc\wpilibc++\include\Base.h(11) : see previous definition of 'nullptr'
     1>C:\Program Files (x86)\Microsoft Visual Studio 11.0\VC\include\xkeycheck.h(242): fatal error C1189: #error :  The C++ Standard Library forbids macroizing keywords. Enable warning C4005 to find the forbidden macro.
         ColorImage.cpp
     1>C:\Program Files (x86)\Microsoft Visual Studio 11.0\VC\include\xkeycheck.h(180): warning C4005: 'constexpr' : macro redefinition
                 c:\users\t_hics\documents\github\allwpilib\wpilibc\wpilibc++\include\Base.h(10) : see previous definition of 'constexpr'
     1>C:\Program Files (x86)\Microsoft Visual Studio 11.0\VC\include\xkeycheck.h(208): warning C4005: 'nullptr' : macro redefinition
                 c:\users\t_hics\documents\github\allwpilib\wpilibc\wpilibc++\include\Base.h(11) : see previous definition of 'nullptr'
     1>C:\Program Files (x86)\Microsoft Visual Studio 11.0\VC\include\xkeycheck.h(242): fatal error C1189: #error :  The C++ Standard Library forbids macroizing keywords. Enable warning C4005 to find the forbidden macro.
         HSLImage.cpp
     1>C:\Program Files (x86)\Microsoft Visual Studio 11.0\VC\include\xkeycheck.h(180): warning C4005: 'constexpr' : macro redefinition
                 c:\users\t_hics\documents\github\allwpilib\wpilibc\wpilibc++\include\Base.h(10) : see previous definition of 'constexpr'
     1>C:\Program Files (x86)\Microsoft Visual Studio 11.0\VC\include\xkeycheck.h(208): warning C4005: 'nullptr' : macro redefinition
                 c:\users\t_hics\documents\github\allwpilib\wpilibc\wpilibc++\include\Base.h(11) : see previous definition of 'nullptr'
     1>C:\Program Files (x86)\Microsoft Visual Studio 11.0\VC\include\xkeycheck.h(242): fatal error C1189: #error :  The C++ Standard Library forbids macroizing keywords. Enable warning C4005 to find the forbidden macro.
         Generating Code...
         Compiling...
         ImageBase.cpp
     1>C:\Program Files (x86)\Microsoft Visual Studio 11.0\VC\include\xkeycheck.h(180): warning C4005: 'constexpr' : macro redefinition
                 c:\users\t_hics\documents\github\allwpilib\wpilibc\wpilibc++\include\Base.h(10) : see previous definition of 'constexpr'
     1>C:\Program Files (x86)\Microsoft Visual Studio 11.0\VC\include\xkeycheck.h(208): warning C4005: 'nullptr' : macro redefinition
                 c:\users\t_hics\documents\github\allwpilib\wpilibc\wpilibc++\include\Base.h(11) : see previous definition of 'nullptr'
     1>C:\Program Files (x86)\Microsoft Visual Studio 11.0\VC\include\xkeycheck.h(242): fatal error C1189: #error :  The C++ Standard Library forbids macroizing keywords. Enable warning C4005 to find the forbidden macro.
         MonoImage.cpp
     1>C:\Program Files (x86)\Microsoft Visual Studio 11.0\VC\include\xkeycheck.h(180): warning C4005: 'constexpr' : macro redefinition
                 c:\users\t_hics\documents\github\allwpilib\wpilibc\wpilibc++\include\Base.h(10) : see previous definition of 'constexpr'
     1>C:\Program Files (x86)\Microsoft Visual Studio 11.0\VC\include\xkeycheck.h(208): warning C4005: 'nullptr' : macro redefinition
                 c:\users\t_hics\documents\github\allwpilib\wpilibc\wpilibc++\include\Base.h(11) : see previous definition of 'nullptr'
     1>C:\Program Files (x86)\Microsoft Visual Studio 11.0\VC\include\xkeycheck.h(242): fatal error C1189: #error :  The C++ Standard Library forbids macroizing keywords. Enable warning C4005 to find the forbidden macro.
         RGBImage.cpp
     1>C:\Program Files (x86)\Microsoft Visual Studio 11.0\VC\include\xkeycheck.h(180): warning C4005: 'constexpr' : macro redefinition
                 c:\users\t_hics\documents\github\allwpilib\wpilibc\wpilibc++\include\Base.h(10) : see previous definition of 'constexpr'
     1>C:\Program Files (x86)\Microsoft Visual Studio 11.0\VC\include\xkeycheck.h(208): warning C4005: 'nullptr' : macro redefinition
                 c:\users\t_hics\documents\github\allwpilib\wpilibc\wpilibc++\include\Base.h(11) : see previous definition of 'nullptr'
     1>C:\Program Files (x86)\Microsoft Visual Studio 11.0\VC\include\xkeycheck.h(242): fatal error C1189: #error :  The C++ Standard Library forbids macroizing keywords. Enable warning C4005 to find the forbidden macro.
         Button.cpp
     1>C:\Users\T_hics\Documents\GitHub\allwpilib\hal\include\HAL/Semaphore.hpp(7): fatal error C1083: Cannot open include file: 'pthread.h': No such file or directory
         ButtonScheduler.cpp
     1>C:\Program Files (x86)\Microsoft Visual Studio 11.0\VC\include\xkeycheck.h(180): warning C4005: 'constexpr' : macro redefinition
                 c:\users\t_hics\documents\github\allwpilib\wpilibc\wpilibc++\include\Base.h(10) : see previous definition of 'constexpr'
     1>C:\Program Files (x86)\Microsoft Visual Studio 11.0\VC\include\xkeycheck.h(208): warning C4005: 'nullptr' : macro redefinition
                 c:\users\t_hics\documents\github\allwpilib\wpilibc\wpilibc++\include\Base.h(11) : see previous definition of 'nullptr'
     1>C:\Program Files (x86)\Microsoft Visual Studio 11.0\VC\include\xkeycheck.h(242): fatal error C1189: #error :  The C++ Standard Library forbids macroizing keywords. Enable warning C4005 to find the forbidden macro.
         CancelButtonScheduler.cpp
     1>C:\Users\T_hics\Documents\GitHub\allwpilib\hal\include\HAL/Semaphore.hpp(7): fatal error C1083: Cannot open include file: 'pthread.h': No such file or directory
         HeldButtonScheduler.cpp
     1>C:\Users\T_hics\Documents\GitHub\allwpilib\hal\include\HAL/Semaphore.hpp(7): fatal error C1083: Cannot open include file: 'pthread.h': No such file or directory
         InternalButton.cpp
     1>C:\Users\T_hics\Documents\GitHub\allwpilib\hal\include\HAL/Semaphore.hpp(7): fatal error C1083: Cannot open include file: 'pthread.h': No such file or directory
         JoystickButton.cpp
     1>C:\Users\T_hics\Documents\GitHub\allwpilib\hal\include\HAL/Semaphore.hpp(7): fatal error C1083: Cannot open include file: 'pthread.h': No such file or directory
         NetworkButton.cpp
     1>C:\Users\T_hics\Documents\GitHub\allwpilib\hal\include\HAL/Semaphore.hpp(7): fatal error C1083: Cannot open include file: 'pthread.h': No such file or directory
         PressedButtonScheduler.cpp
     1>C:\Users\T_hics\Documents\GitHub\allwpilib\hal\include\HAL/Semaphore.hpp(7): fatal error C1083: Cannot open include file: 'pthread.h': No such file or directory
         ReleasedButtonScheduler.cpp
     1>C:\Users\T_hics\Documents\GitHub\allwpilib\hal\include\HAL/Semaphore.hpp(7): fatal error C1083: Cannot open include file: 'pthread.h': No such file or directory
         ToggleButtonScheduler.cpp
     1>C:\Users\T_hics\Documents\GitHub\allwpilib\hal\include\HAL/Semaphore.hpp(7): fatal error C1083: Cannot open include file: 'pthread.h': No such file or directory
         Trigger.cpp
     1>C:\Users\T_hics\Documents\GitHub\allwpilib\hal\include\HAL/Semaphore.hpp(7): fatal error C1083: Cannot open include file: 'pthread.h': No such file or directory
         Command.cpp
     1>C:\Program Files (x86)\Microsoft Visual Studio 11.0\VC\include\xkeycheck.h(180): warning C4005: 'constexpr' : macro redefinition
                 c:\users\t_hics\documents\github\allwpilib\wpilibc\wpilibc++\include\Base.h(10) : see previous definition of 'constexpr'
     1>C:\Program Files (x86)\Microsoft Visual Studio 11.0\VC\include\xkeycheck.h(208): warning C4005: 'nullptr' : macro redefinition
                 c:\users\t_hics\documents\github\allwpilib\wpilibc\wpilibc++\include\Base.h(11) : see previous definition of 'nullptr'
     1>C:\Program Files (x86)\Microsoft Visual Studio 11.0\VC\include\xkeycheck.h(242): fatal error C1189: #error :  The C++ Standard Library forbids macroizing keywords. Enable warning C4005 to find the forbidden macro.
         CommandGroup.cpp
     1>C:\Program Files (x86)\Microsoft Visual Studio 11.0\VC\include\xkeycheck.h(180): warning C4005: 'constexpr' : macro redefinition
                 c:\users\t_hics\documents\github\allwpilib\wpilibc\wpilibc++\include\Base.h(10) : see previous definition of 'constexpr'
     1>C:\Program Files (x86)\Microsoft Visual Studio 11.0\VC\include\xkeycheck.h(208): warning C4005: 'nullptr' : macro redefinition
                 c:\users\t_hics\documents\github\allwpilib\wpilibc\wpilibc++\include\Base.h(11) : see previous definition of 'nullptr'
     1>C:\Program Files (x86)\Microsoft Visual Studio 11.0\VC\include\xkeycheck.h(242): fatal error C1189: #error :  The C++ Standard Library forbids macroizing keywords. Enable warning C4005 to find the forbidden macro.
         CommandGroupEntry.cpp
     1>C:\Program Files (x86)\Microsoft Visual Studio 11.0\VC\include\xkeycheck.h(180): warning C4005: 'constexpr' : macro redefinition
                 c:\users\t_hics\documents\github\allwpilib\wpilibc\wpilibc++\include\Base.h(10) : see previous definition of 'constexpr'
     1>C:\Program Files (x86)\Microsoft Visual Studio 11.0\VC\include\xkeycheck.h(208): warning C4005: 'nullptr' : macro redefinition
                 c:\users\t_hics\documents\github\allwpilib\wpilibc\wpilibc++\include\Base.h(11) : see previous definition of 'nullptr'
     1>C:\Program Files (x86)\Microsoft Visual Studio 11.0\VC\include\xkeycheck.h(242): fatal error C1189: #error :  The C++ Standard Library forbids macroizing keywords. Enable warning C4005 to find the forbidden macro.
         PIDCommand.cpp
     1>C:\Program Files (x86)\Microsoft Visual Studio 11.0\VC\include\xkeycheck.h(180): warning C4005: 'constexpr' : macro redefinition
                 c:\users\t_hics\documents\github\allwpilib\wpilibc\wpilibc++\include\Base.h(10) : see previous definition of 'constexpr'
     1>C:\Program Files (x86)\Microsoft Visual Studio 11.0\VC\include\xkeycheck.h(208): warning C4005: 'nullptr' : macro redefinition
                 c:\users\t_hics\documents\github\allwpilib\wpilibc\wpilibc++\include\Base.h(11) : see previous definition of 'nullptr'
     1>C:\Program Files (x86)\Microsoft Visual Studio 11.0\VC\include\xkeycheck.h(242): fatal error C1189: #error :  The C++ Standard Library forbids macroizing keywords. Enable warning C4005 to find the forbidden macro.
         PIDSubsystem.cpp
     1>C:\Program Files (x86)\Microsoft Visual Studio 11.0\VC\include\xkeycheck.h(180): warning C4005: 'constexpr' : macro redefinition
                 c:\users\t_hics\documents\github\allwpilib\wpilibc\wpilibc++\include\Base.h(10) : see previous definition of 'constexpr'
     1>C:\Program Files (x86)\Microsoft Visual Studio 11.0\VC\include\xkeycheck.h(208): warning C4005: 'nullptr' : macro redefinition
                 c:\users\t_hics\documents\github\allwpilib\wpilibc\wpilibc++\include\Base.h(11) : see previous definition of 'nullptr'
     1>C:\Program Files (x86)\Microsoft Visual Studio 11.0\VC\include\xkeycheck.h(242): fatal error C1189: #error :  The C++ Standard Library forbids macroizing keywords. Enable warning C4005 to find the forbidden macro.
         PrintCommand.cpp
     1>C:\Program Files (x86)\Microsoft Visual Studio 11.0\VC\include\xkeycheck.h(180): warning C4005: 'constexpr' : macro redefinition
                 c:\users\t_hics\documents\github\allwpilib\wpilibc\wpilibc++\include\Base.h(10) : see previous definition of 'constexpr'
     1>C:\Program Files (x86)\Microsoft Visual Studio 11.0\VC\include\xkeycheck.h(208): warning C4005: 'nullptr' : macro redefinition
                 c:\users\t_hics\documents\github\allwpilib\wpilibc\wpilibc++\include\Base.h(11) : see previous definition of 'nullptr'
     1>C:\Program Files (x86)\Microsoft Visual Studio 11.0\VC\include\xkeycheck.h(242): fatal error C1189: #error :  The C++ Standard Library forbids macroizing keywords. Enable warning C4005 to find the forbidden macro.
         Generating Code...
         Compiling...
         Scheduler.cpp
     1>C:\Program Files (x86)\Microsoft Visual Studio 11.0\VC\include\xkeycheck.h(180): warning C4005: 'constexpr' : macro redefinition
                 c:\users\t_hics\documents\github\allwpilib\wpilibc\wpilibc++\include\Base.h(10) : see previous definition of 'constexpr'
     1>C:\Program Files (x86)\Microsoft Visual Studio 11.0\VC\include\xkeycheck.h(208): warning C4005: 'nullptr' : macro redefinition
                 c:\users\t_hics\documents\github\allwpilib\wpilibc\wpilibc++\include\Base.h(11) : see previous definition of 'nullptr'
     1>C:\Program Files (x86)\Microsoft Visual Studio 11.0\VC\include\xkeycheck.h(242): fatal error C1189: #error :  The C++ Standard Library forbids macroizing keywords. Enable warning C4005 to find the forbidden macro.
         StartCommand.cpp
     1>C:\Program Files (x86)\Microsoft Visual Studio 11.0\VC\include\xkeycheck.h(180): warning C4005: 'constexpr' : macro redefinition
                 c:\users\t_hics\documents\github\allwpilib\wpilibc\wpilibc++\include\Base.h(10) : see previous definition of 'constexpr'
     1>C:\Program Files (x86)\Microsoft Visual Studio 11.0\VC\include\xkeycheck.h(208): warning C4005: 'nullptr' : macro redefinition
                 c:\users\t_hics\documents\github\allwpilib\wpilibc\wpilibc++\include\Base.h(11) : see previous definition of 'nullptr'
     1>C:\Program Files (x86)\Microsoft Visual Studio 11.0\VC\include\xkeycheck.h(242): fatal error C1189: #error :  The C++ Standard Library forbids macroizing keywords. Enable warning C4005 to find the forbidden macro.
         Subsystem.cpp
     1>C:\Program Files (x86)\Microsoft Visual Studio 11.0\VC\include\xkeycheck.h(180): warning C4005: 'constexpr' : macro redefinition
                 c:\users\t_hics\documents\github\allwpilib\wpilibc\wpilibc++\include\Base.h(10) : see previous definition of 'constexpr'
     1>C:\Program Files (x86)\Microsoft Visual Studio 11.0\VC\include\xkeycheck.h(208): warning C4005: 'nullptr' : macro redefinition
                 c:\users\t_hics\documents\github\allwpilib\wpilibc\wpilibc++\include\Base.h(11) : see previous definition of 'nullptr'
     1>C:\Program Files (x86)\Microsoft Visual Studio 11.0\VC\include\xkeycheck.h(242): fatal error C1189: #error :  The C++ Standard Library forbids macroizing keywords. Enable warning C4005 to find the forbidden macro.
         WaitCommand.cpp
     1>C:\Program Files (x86)\Microsoft Visual Studio 11.0\VC\include\xkeycheck.h(180): warning C4005: 'constexpr' : macro redefinition
                 c:\users\t_hics\documents\github\allwpilib\wpilibc\wpilibc++\include\Base.h(10) : see previous definition of 'constexpr'
     1>C:\Program Files (x86)\Microsoft Visual Studio 11.0\VC\include\xkeycheck.h(208): warning C4005: 'nullptr' : macro redefinition
                 c:\users\t_hics\documents\github\allwpilib\wpilibc\wpilibc++\include\Base.h(11) : see previous definition of 'nullptr'
     1>C:\Program Files (x86)\Microsoft Visual Studio 11.0\VC\include\xkeycheck.h(242): fatal error C1189: #error :  The C++ Standard Library forbids macroizing keywords. Enable warning C4005 to find the forbidden macro.
         WaitForChildren.cpp
     1>C:\Program Files (x86)\Microsoft Visual Studio 11.0\VC\include\xkeycheck.h(180): warning C4005: 'constexpr' : macro redefinition
                 c:\users\t_hics\documents\github\allwpilib\wpilibc\wpilibc++\include\Base.h(10) : see previous definition of 'constexpr'
     1>C:\Program Files (x86)\Microsoft Visual Studio 11.0\VC\include\xkeycheck.h(208): warning C4005: 'nullptr' : macro redefinition
                 c:\users\t_hics\documents\github\allwpilib\wpilibc\wpilibc++\include\Base.h(11) : see previous definition of 'nullptr'
     1>C:\Program Files (x86)\Microsoft Visual Studio 11.0\VC\include\xkeycheck.h(242): fatal error C1189: #error :  The C++ Standard Library forbids macroizing keywords. Enable warning C4005 to find the forbidden macro.
         WaitUntilCommand.cpp
     1>C:\Program Files (x86)\Microsoft Visual Studio 11.0\VC\include\xkeycheck.h(180): warning C4005: 'constexpr' : macro redefinition
                 c:\users\t_hics\documents\github\allwpilib\wpilibc\wpilibc++\include\Base.h(10) : see previous definition of 'constexpr'
     1>C:\Program Files (x86)\Microsoft Visual Studio 11.0\VC\include\xkeycheck.h(208): warning C4005: 'nullptr' : macro redefinition
                 c:\users\t_hics\documents\github\allwpilib\wpilibc\wpilibc++\include\Base.h(11) : see previous definition of 'nullptr'
     1>C:\Program Files (x86)\Microsoft Visual Studio 11.0\VC\include\xkeycheck.h(242): fatal error C1189: #error :  The C++ Standard Library forbids macroizing keywords. Enable warning C4005 to find the forbidden macro.
         Error.cpp
     1>C:\Program Files (x86)\Microsoft Visual Studio 11.0\VC\include\xkeycheck.h(180): warning C4005: 'constexpr' : macro redefinition
                 c:\users\t_hics\documents\github\allwpilib\wpilibc\wpilibc++\include\Base.h(10) : see previous definition of 'constexpr'
     1>C:\Program Files (x86)\Microsoft Visual Studio 11.0\VC\include\xkeycheck.h(208): warning C4005: 'nullptr' : macro redefinition
                 c:\users\t_hics\documents\github\allwpilib\wpilibc\wpilibc++\include\Base.h(11) : see previous definition of 'nullptr'
     1>C:\Program Files (x86)\Microsoft Visual Studio 11.0\VC\include\xkeycheck.h(242): fatal error C1189: #error :  The C++ Standard Library forbids macroizing keywords. Enable warning C4005 to find the forbidden macro.
         ErrorBase.cpp
     1>C:\Program Files (x86)\Microsoft Visual Studio 11.0\VC\include\xkeycheck.h(180): warning C4005: 'constexpr' : macro redefinition
                 c:\users\t_hics\documents\github\allwpilib\wpilibc\wpilibc++\include\Base.h(10) : see previous definition of 'constexpr'
     1>C:\Program Files (x86)\Microsoft Visual Studio 11.0\VC\include\xkeycheck.h(208): warning C4005: 'nullptr' : macro redefinition
                 c:\users\t_hics\documents\github\allwpilib\wpilibc\wpilibc++\include\Base.h(11) : see previous definition of 'nullptr'
     1>C:\Program Files (x86)\Microsoft Visual Studio 11.0\VC\include\xkeycheck.h(242): fatal error C1189: #error :  The C++ Standard Library forbids macroizing keywords. Enable warning C4005 to find the forbidden macro.
         LiveWindow.cpp
     1>C:\Users\T_hics\Documents\GitHub\allwpilib\hal\include\HAL/Semaphore.hpp(7): fatal error C1083: Cannot open include file: 'pthread.h': No such file or directory
         LiveWindowStatusListener.cpp
     1>C:\Users\T_hics\Documents\GitHub\allwpilib\hal\include\HAL/Semaphore.hpp(7): fatal error C1083: Cannot open include file: 'pthread.h': No such file or directory
         Resource.cpp
     1>C:\Program Files (x86)\Microsoft Visual Studio 11.0\VC\include\xkeycheck.h(180): warning C4005: 'constexpr' : macro redefinition
                 c:\users\t_hics\documents\github\allwpilib\wpilibc\wpilibc++\include\Base.h(10) : see previous definition of 'constexpr'
     1>C:\Program Files (x86)\Microsoft Visual Studio 11.0\VC\include\xkeycheck.h(208): warning C4005: 'nullptr' : macro redefinition
                 c:\users\t_hics\documents\github\allwpilib\wpilibc\wpilibc++\include\Base.h(11) : see previous definition of 'nullptr'
     1>C:\Program Files (x86)\Microsoft Visual Studio 11.0\VC\include\xkeycheck.h(242): fatal error C1189: #error :  The C++ Standard Library forbids macroizing keywords. Enable warning C4005 to find the forbidden macro.
         SendableChooser.cpp
     1>C:\Users\T_hics\Documents\GitHub\allwpilib\networktables\cpp\include\OSAL/Synchronized.h(18): fatal error C1083: Cannot open include file: 'semLib.h': No such file or directory
         SmartDashboard.cpp
     1>C:\Program Files (x86)\Microsoft Visual Studio 11.0\VC\include\xkeycheck.h(180): warning C4005: 'constexpr' : macro redefinition
                 c:\users\t_hics\documents\github\allwpilib\wpilibc\wpilibc++\include\Base.h(10) : see previous definition of 'constexpr'
     1>C:\Program Files (x86)\Microsoft Visual Studio 11.0\VC\include\xkeycheck.h(208): warning C4005: 'nullptr' : macro redefinition
                 c:\users\t_hics\documents\github\allwpilib\wpilibc\wpilibc++\include\Base.h(11) : see previous definition of 'nullptr'
     1>C:\Program Files (x86)\Microsoft Visual Studio 11.0\VC\include\xkeycheck.h(242): fatal error C1189: #error :  The C++ Standard Library forbids macroizing keywords. Enable warning C4005 to find the forbidden macro.
         Generating Code...
     1>Done Building Project "C:\Users\T_hics\Documents\GitHub\allwpilib\build\wpilibc\wpilibC++Devices\wpilib_nonshared.vcxproj" (Build target(s)) -- FAILED.

Build FAILED.

Time Elapsed 00:00:20.11
